<?xml version="1.0" encoding="UTF-8"?>
<ffprobe>
    <program_version version="14.1.0-4-g974c4f3" copyright="Copyright (c) 2007-2023 the FFmpeg developers" compiler_ident="gcc 11 (Ubuntu 11.4.0-1ubuntu1~22.04)" configuration="--disable-ffmpeg --disable-ffplay"/>

    <library_versions>
        <library_version name="libavutil" major="56" minor="22" micro="100" version="3675748" ident="Lavu56.22.100"/>
        <library_version name="libavcodec" major="58" minor="35" micro="100" version="3810148" ident="Lavc58.35.100"/>
        <library_version name="libavformat" major="58" minor="20" micro="100" version="3806308" ident="Lavf58.20.100"/>
        <library_version name="libavdevice" major="58" minor="5" micro="100" version="3802468" ident="Lavd58.5.100"/>
        <library_version name="libavfilter" major="7" minor="40" micro="101" version="469093" ident="Lavfi7.40.101"/>
        <library_version name="libswscale" major="5" minor="3" micro="100" version="328548" ident="SwS5.3.100"/>
        <library_version name="libswresample" major="3" minor="3" micro="100" version="197476" ident="SwR3.3.100"/>
    </library_versions>

    <pixel_formats>
        <pixel_format name="yuv420p" nb_components="3" log2_chroma_w="1" log2_chroma_h="1" bits_per_pixel="12">
            <flags big_endian="0" palette="0" bitstream="0" hwaccel="0" planar="1" rgb="0" pseudopal="0" alpha="0"/>
            <components>
                <component index="1" bit_depth="8"/>
                <component index="2" bit_depth="8"/>
                <component index="3" bit_depth="8"/>
            </components>
        </pixel_format>
        <pixel_format name="yuyv422" nb_components="3" log2_chroma_w="1" log2_chroma_h="0" bits_per_pixel="16">
            <flags big_endian="0" palette="0" bitstream="0" hwaccel="0" planar="0" rgb="0" pseudopal="0" alpha="0"/>
            <components>
                <component index="1" bit_depth="8"/>
                <component index="2" bit_depth="8"/>
                <component index="3" bit_depth="8"/>
            </components>
        </pixel_format>
        <pixel_format name="rgb24" nb_components="3" bits_per_pixel="24">
            <flags big_endian="0" palette="0" bitstream="0" hwaccel="0" planar="0" rgb="1" pseudopal="0" alpha="0"/>
            <components>
                <component index="1" bit_depth="8"/>
                <component index="2" bit_depth="8"/>
                <component index="3" bit_depth="8"/>
            </components>
        </pixel_format>
        <pixel_format name="bgr24" nb_components="3" bits_per_pixel="24">
            <flags big_endian="0" palette="0" bitstream="0" hwaccel="0" planar="0" rgb="1" pseudopal="0" alpha="0"/>
            <components>
                <component index="1" bit_depth="8"/>
                <component index="2" bit_depth="8"/>
                <component index="3" bit_depth="8"/>
            </components>
        </pixel_format>
        <pixel_format name="yuv422p" nb_components="3" log2_chroma_w="1" log2_chroma_h="0" bits_per_pixel="16">
            <flags big_endian="0" palette="0" bitstream="0" hwaccel="0" planar="1" rgb="0" pseudopal="0" alpha="0"/>
            <components>
                <component index="1" bit_depth="8"/>
                <component index="2" bit_depth="8"/>
                <component index="3" bit_depth="8"/>
            </components>
        </pixel_format>
        <pixel_format name="yuv444p" nb_components="3" log2_chroma_w="0" log2_chroma_h="0" bits_per_pixel="24">
            <flags big_endian="0" palette="0" bitstream="0" hwaccel="0" planar="1" rgb="0" pseudopal="0" alpha="0"/>
            <components>
                <component index="1" bit_depth="8"/>
                <component index="2" bit_depth="8"/>
                <component index="3" bit_depth="8"/>
            </components>
        </pixel_format>
        <pixel_format name="yuv410p" nb_components="3" log2_chroma_w="2" log2_chroma_h="2" bits_per_pixel="9">
            <flags big_endian="0" palette="0" bitstream="0" hwaccel="0" planar="1" rgb="0" pseudopal="0" alpha="0"/>
            <components>
                <component index="1" bit_depth="8"/>
                <component index="2" bit_depth="8"/>
                <component index="3" bit_depth="8"/>
            </components>
        </pixel_format>
        <pixel_format name="yuv411p" nb_components="3" log2_chroma_w="2" log2_chroma_h="0" bits_per_pixel="12">
            <flags big_endian="0" palette="0" bitstream="0" hwaccel="0" planar="1" rgb="0" pseudopal="0" alpha="0"/>
            <components>
                <component index="1" bit_depth="8"/>
                <component index="2" bit_depth="8"/>
                <component index="3" bit_depth="8"/>
            </components>
        </pixel_format>
        <pixel_format name="gray" nb_components="1" bits_per_pixel="8">
            <flags big_endian="0" palette="0" bitstream="0" hwaccel="0" planar="0" rgb="0" pseudopal="1" alpha="0"/>
            <components>
                <component index="1" bit_depth="8"/>
            </components>
        </pixel_format>
        <pixel_format name="monow" nb_components="1" bits_per_pixel="1">
            <flags big_endian="0" palette="0" bitstream="1" hwaccel="0" planar="0" rgb="0" pseudopal="0" alpha="0"/>
            <components>
                <component index="1" bit_depth="1"/>
            </components>
        </pixel_format>
        <pixel_format name="monob" nb_components="1" bits_per_pixel="1">
            <flags big_endian="0" palette="0" bitstream="1" hwaccel="0" planar="0" rgb="0" pseudopal="0" alpha="0"/>
            <components>
                <component index="1" bit_depth="1"/>
            </components>
        </pixel_format>
        <pixel_format name="pal8" nb_components="1" bits_per_pixel="8">
            <flags big_endian="0" palette="1" bitstream="0" hwaccel="0" planar="0" rgb="0" pseudopal="0" alpha="1"/>
            <components>
                <component index="1" bit_depth="8"/>
            </components>
        </pixel_format>
        <pixel_format name="yuvj420p" nb_components="3" log2_chroma_w="1" log2_chroma_h="1" bits_per_pixel="12">
            <flags big_endian="0" palette="0" bitstream="0" hwaccel="0" planar="1" rgb="0" pseudopal="0" alpha="0"/>
            <components>
                <component index="1" bit_depth="8"/>
                <component index="2" bit_depth="8"/>
                <component index="3" bit_depth="8"/>
            </components>
        </pixel_format>
        <pixel_format name="yuvj422p" nb_components="3" log2_chroma_w="1" log2_chroma_h="0" bits_per_pixel="16">
            <flags big_endian="0" palette="0" bitstream="0" hwaccel="0" planar="1" rgb="0" pseudopal="0" alpha="0"/>
            <components>
                <component index="1" bit_depth="8"/>
                <component index="2" bit_depth="8"/>
                <component index="3" bit_depth="8"/>
            </components>
        </pixel_format>
        <pixel_format name="yuvj444p" nb_components="3" log2_chroma_w="0" log2_chroma_h="0" bits_per_pixel="24">
            <flags big_endian="0" palette="0" bitstream="0" hwaccel="0" planar="1" rgb="0" pseudopal="0" alpha="0"/>
            <components>
                <component index="1" bit_depth="8"/>
                <component index="2" bit_depth="8"/>
                <component index="3" bit_depth="8"/>
            </components>
        </pixel_format>
        <pixel_format name="uyvy422" nb_components="3" log2_chroma_w="1" log2_chroma_h="0" bits_per_pixel="16">
            <flags big_endian="0" palette="0" bitstream="0" hwaccel="0" planar="0" rgb="0" pseudopal="0" alpha="0"/>
            <components>
                <component index="1" bit_depth="8"/>
                <component index="2" bit_depth="8"/>
                <component index="3" bit_depth="8"/>
            </components>
        </pixel_format>
        <pixel_format name="uyyvyy411" nb_components="3" log2_chroma_w="2" log2_chroma_h="0" bits_per_pixel="12">
            <flags big_endian="0" palette="0" bitstream="0" hwaccel="0" planar="0" rgb="0" pseudopal="0" alpha="0"/>
            <components>
                <component index="1" bit_depth="8"/>
                <component index="2" bit_depth="8"/>
                <component index="3" bit_depth="8"/>
            </components>
        </pixel_format>
        <pixel_format name="bgr8" nb_components="3" bits_per_pixel="8">
            <flags big_endian="0" palette="0" bitstream="0" hwaccel="0" planar="0" rgb="1" pseudopal="1" alpha="0"/>
            <components>
                <component index="1" bit_depth="3"/>
                <component index="2" bit_depth="3"/>
                <component index="3" bit_depth="2"/>
            </components>
        </pixel_format>
        <pixel_format name="bgr4" nb_components="3" bits_per_pixel="4">
            <flags big_endian="0" palette="0" bitstream="1" hwaccel="0" planar="0" rgb="1" pseudopal="0" alpha="0"/>
            <components>
                <component index="1" bit_depth="1"/>
                <component index="2" bit_depth="2"/>
                <component index="3" bit_depth="1"/>
            </components>
        </pixel_format>
        <pixel_format name="bgr4_byte" nb_components="3" bits_per_pixel="4">
            <flags big_endian="0" palette="0" bitstream="0" hwaccel="0" planar="0" rgb="1" pseudopal="1" alpha="0"/>
            <components>
                <component index="1" bit_depth="1"/>
                <component index="2" bit_depth="2"/>
                <component index="3" bit_depth="1"/>
            </components>
        </pixel_format>
        <pixel_format name="rgb8" nb_components="3" bits_per_pixel="8">
            <flags big_endian="0" palette="0" bitstream="0" hwaccel="0" planar="0" rgb="1" pseudopal="1" alpha="0"/>
            <components>
                <component index="1" bit_depth="2"/>
                <component index="2" bit_depth="3"/>
                <component index="3" bit_depth="3"/>
            </components>
        </pixel_format>
        <pixel_format name="rgb4" nb_components="3" bits_per_pixel="4">
            <flags big_endian="0" palette="0" bitstream="1" hwaccel="0" planar="0" rgb="1" pseudopal="0" alpha="0"/>
            <components>
                <component index="1" bit_depth="1"/>
                <component index="2" bit_depth="2"/>
                <component index="3" bit_depth="1"/>
            </components>
        </pixel_format>
        <pixel_format name="rgb4_byte" nb_components="3" bits_per_pixel="4">
            <flags big_endian="0" palette="0" bitstream="0" hwaccel="0" planar="0" rgb="1" pseudopal="1" alpha="0"/>
            <components>
                <component index="1" bit_depth="1"/>
                <component index="2" bit_depth="2"/>
                <component index="3" bit_depth="1"/>
            </components>
        </pixel_format>
        <pixel_format name="nv12" nb_components="3" log2_chroma_w="1" log2_chroma_h="1" bits_per_pixel="12">
            <flags big_endian="0" palette="0" bitstream="0" hwaccel="0" planar="1" rgb="0" pseudopal="0" alpha="0"/>
            <components>
                <component index="1" bit_depth="8"/>
                <component index="2" bit_depth="8"/>
                <component index="3" bit_depth="8"/>
            </components>
        </pixel_format>
        <pixel_format name="nv21" nb_components="3" log2_chroma_w="1" log2_chroma_h="1" bits_per_pixel="12">
            <flags big_endian="0" palette="0" bitstream="0" hwaccel="0" planar="1" rgb="0" pseudopal="0" alpha="0"/>
            <components>
                <component index="1" bit_depth="8"/>
                <component index="2" bit_depth="8"/>
                <component index="3" bit_depth="8"/>
            </components>
        </pixel_format>
        <pixel_format name="argb" nb_components="4" bits_per_pixel="32">
            <flags big_endian="0" palette="0" bitstream="0" hwaccel="0" planar="0" rgb="1" pseudopal="0" alpha="1"/>
            <components>
                <component index="1" bit_depth="8"/>
                <component index="2" bit_depth="8"/>
                <component index="3" bit_depth="8"/>
                <component index="4" bit_depth="8"/>
            </components>
        </pixel_format>
        <pixel_format name="rgba" nb_components="4" bits_per_pixel="32">
            <flags big_endian="0" palette="0" bitstream="0" hwaccel="0" planar="0" rgb="1" pseudopal="0" alpha="1"/>
            <components>
                <component index="1" bit_depth="8"/>
                <component index="2" bit_depth="8"/>
                <component index="3" bit_depth="8"/>
                <component index="4" bit_depth="8"/>
            </components>
        </pixel_format>
        <pixel_format name="abgr" nb_components="4" bits_per_pixel="32">
            <flags big_endian="0" palette="0" bitstream="0" hwaccel="0" planar="0" rgb="1" pseudopal="0" alpha="1"/>
            <components>
                <component index="1" bit_depth="8"/>
                <component index="2" bit_depth="8"/>
                <component index="3" bit_depth="8"/>
                <component index="4" bit_depth="8"/>
            </components>
        </pixel_format>
        <pixel_format name="bgra" nb_components="4" bits_per_pixel="32">
            <flags big_endian="0" palette="0" bitstream="0" hwaccel="0" planar="0" rgb="1" pseudopal="0" alpha="1"/>
            <components>
                <component index="1" bit_depth="8"/>
                <component index="2" bit_depth="8"/>
                <component index="3" bit_depth="8"/>
                <component index="4" bit_depth="8"/>
            </components>
        </pixel_format>
        <pixel_format name="gray16be" nb_components="1" bits_per_pixel="16">
            <flags big_endian="1" palette="0" bitstream="0" hwaccel="0" planar="0" rgb="0" pseudopal="0" alpha="0"/>
            <components>
                <component index="1" bit_depth="16"/>
            </components>
        </pixel_format>
        <pixel_format name="gray16le" nb_components="1" bits_per_pixel="16">
            <flags big_endian="0" palette="0" bitstream="0" hwaccel="0" planar="0" rgb="0" pseudopal="0" alpha="0"/>
            <components>
                <component index="1" bit_depth="16"/>
            </components>
        </pixel_format>
        <pixel_format name="yuv440p" nb_components="3" log2_chroma_w="0" log2_chroma_h="1" bits_per_pixel="16">
            <flags big_endian="0" palette="0" bitstream="0" hwaccel="0" planar="1" rgb="0" pseudopal="0" alpha="0"/>
            <components>
                <component index="1" bit_depth="8"/>
                <component index="2" bit_depth="8"/>
                <component index="3" bit_depth="8"/>
            </components>
        </pixel_format>
        <pixel_format name="yuvj440p" nb_components="3" log2_chroma_w="0" log2_chroma_h="1" bits_per_pixel="16">
            <flags big_endian="0" palette="0" bitstream="0" hwaccel="0" planar="1" rgb="0" pseudopal="0" alpha="0"/>
            <components>
                <component index="1" bit_depth="8"/>
                <component index="2" bit_depth="8"/>
                <component index="3" bit_depth="8"/>
            </components>
        </pixel_format>
        <pixel_format name="yuva420p" nb_components="4" log2_chroma_w="1" log2_chroma_h="1" bits_per_pixel="20">
            <flags big_endian="0" palette="0" bitstream="0" hwaccel="0" planar="1" rgb="0" pseudopal="0" alpha="1"/>
            <components>
                <component index="1" bit_depth="8"/>
                <component index="2" bit_depth="8"/>
                <component index="3" bit_depth="8"/>
                <component index="4" bit_depth="8"/>
            </components>
        </pixel_format>
        <pixel_format name="rgb48be" nb_components="3" bits_per_pixel="48">
            <flags big_endian="1" palette="0" bitstream="0" hwaccel="0" planar="0" rgb="1" pseudopal="0" alpha="0"/>
            <components>
                <component index="1" bit_depth="16"/>
                <component index="2" bit_depth="16"/>
                <component index="3" bit_depth="16"/>
            </components>
        </pixel_format>
        <pixel_format name="rgb48le" nb_components="3" bits_per_pixel="48">
            <flags big_endian="0" palette="0" bitstream="0" hwaccel="0" planar="0" rgb="1" pseudopal="0" alpha="0"/>
            <components>
                <component index="1" bit_depth="16"/>
                <component index="2" bit_depth="16"/>
                <component index="3" bit_depth="16"/>
            </components>
        </pixel_format>
        <pixel_format name="rgb565be" nb_components="3" bits_per_pixel="16">
            <flags big_endian="1" palette="0" bitstream="0" hwaccel="0" planar="0" rgb="1" pseudopal="0" alpha="0"/>
            <components>
                <component index="1" bit_depth="5"/>
                <component index="2" bit_depth="6"/>
                <component index="3" bit_depth="5"/>
            </components>
        </pixel_format>
        <pixel_format name="rgb565le" nb_components="3" bits_per_pixel="16">
            <flags big_endian="0" palette="0" bitstream="0" hwaccel="0" planar="0" rgb="1" pseudopal="0" alpha="0"/>
            <components>
                <component index="1" bit_depth="5"/>
                <component index="2" bit_depth="6"/>
                <component index="3" bit_depth="5"/>
            </components>
        </pixel_format>
        <pixel_format name="rgb555be" nb_components="3" bits_per_pixel="15">
            <flags big_endian="1" palette="0" bitstream="0" hwaccel="0" planar="0" rgb="1" pseudopal="0" alpha="0"/>
            <components>
                <component index="1" bit_depth="5"/>
                <component index="2" bit_depth="5"/>
                <component index="3" bit_depth="5"/>
            </components>
        </pixel_format>
        <pixel_format name="rgb555le" nb_components="3" bits_per_pixel="15">
            <flags big_endian="0" palette="0" bitstream="0" hwaccel="0" planar="0" rgb="1" pseudopal="0" alpha="0"/>
            <components>
                <component index="1" bit_depth="5"/>
                <component index="2" bit_depth="5"/>
                <component index="3" bit_depth="5"/>
            </components>
        </pixel_format>
        <pixel_format name="bgr565be" nb_components="3" bits_per_pixel="16">
            <flags big_endian="1" palette="0" bitstream="0" hwaccel="0" planar="0" rgb="1" pseudopal="0" alpha="0"/>
            <components>
                <component index="1" bit_depth="5"/>
                <component index="2" bit_depth="6"/>
                <component index="3" bit_depth="5"/>
            </components>
        </pixel_format>
        <pixel_format name="bgr565le" nb_components="3" bits_per_pixel="16">
            <flags big_endian="0" palette="0" bitstream="0" hwaccel="0" planar="0" rgb="1" pseudopal="0" alpha="0"/>
            <components>
                <component index="1" bit_depth="5"/>
                <component index="2" bit_depth="6"/>
                <component index="3" bit_depth="5"/>
            </components>
        </pixel_format>
        <pixel_format name="bgr555be" nb_components="3" bits_per_pixel="15">
            <flags big_endian="1" palette="0" bitstream="0" hwaccel="0" planar="0" rgb="1" pseudopal="0" alpha="0"/>
            <components>
                <component index="1" bit_depth="5"/>
                <component index="2" bit_depth="5"/>
                <component index="3" bit_depth="5"/>
            </components>
        </pixel_format>
        <pixel_format name="bgr555le" nb_components="3" bits_per_pixel="15">
            <flags big_endian="0" palette="0" bitstream="0" hwaccel="0" planar="0" rgb="1" pseudopal="0" alpha="0"/>
            <components>
                <component index="1" bit_depth="5"/>
                <component index="2" bit_depth="5"/>
                <component index="3" bit_depth="5"/>
            </components>
        </pixel_format>
        <pixel_format name="vaapi_moco" nb_components="0">
            <flags big_endian="0" palette="0" bitstream="0" hwaccel="1" planar="0" rgb="0" pseudopal="0" alpha="0"/>
        </pixel_format>
        <pixel_format name="vaapi_idct" nb_components="0">
            <flags big_endian="0" palette="0" bitstream="0" hwaccel="1" planar="0" rgb="0" pseudopal="0" alpha="0"/>
        </pixel_format>
        <pixel_format name="vaapi_vld" nb_components="0">
            <flags big_endian="0" palette="0" bitstream="0" hwaccel="1" planar="0" rgb="0" pseudopal="0" alpha="0"/>
        </pixel_format>
        <pixel_format name="yuv420p16le" nb_components="3" log2_chroma_w="1" log2_chroma_h="1" bits_per_pixel="24">
            <flags big_endian="0" palette="0" bitstream="0" hwaccel="0" planar="1" rgb="0" pseudopal="0" alpha="0"/>
            <components>
                <component index="1" bit_depth="16"/>
                <component index="2" bit_depth="16"/>
                <component index="3" bit_depth="16"/>
            </components>
        </pixel_format>
        <pixel_format name="yuv420p16be" nb_components="3" log2_chroma_w="1" log2_chroma_h="1" bits_per_pixel="24">
            <flags big_endian="1" palette="0" bitstream="0" hwaccel="0" planar="1" rgb="0" pseudopal="0" alpha="0"/>
            <components>
                <component index="1" bit_depth="16"/>
                <component index="2" bit_depth="16"/>
                <component index="3" bit_depth="16"/>
            </components>
        </pixel_format>
        <pixel_format name="yuv422p16le" nb_components="3" log2_chroma_w="1" log2_chroma_h="0" bits_per_pixel="32">
            <flags big_endian="0" palette="0" bitstream="0" hwaccel="0" planar="1" rgb="0" pseudopal="0" alpha="0"/>
            <components>
                <component index="1" bit_depth="16"/>
                <component index="2" bit_depth="16"/>
                <component index="3" bit_depth="16"/>
            </components>
        </pixel_format>
        <pixel_format name="yuv422p16be" nb_components="3" log2_chroma_w="1" log2_chroma_h="0" bits_per_pixel="32">
            <flags big_endian="1" palette="0" bitstream="0" hwaccel="0" planar="1" rgb="0" pseudopal="0" alpha="0"/>
            <components>
                <component index="1" bit_depth="16"/>
                <component index="2" bit_depth="16"/>
                <component index="3" bit_depth="16"/>
            </components>
        </pixel_format>
        <pixel_format name="yuv444p16le" nb_components="3" log2_chroma_w="0" log2_chroma_h="0" bits_per_pixel="48">
            <flags big_endian="0" palette="0" bitstream="0" hwaccel="0" planar="1" rgb="0" pseudopal="0" alpha="0"/>
            <components>
                <component index="1" bit_depth="16"/>
                <component index="2" bit_depth="16"/>
                <component index="3" bit_depth="16"/>
            </components>
        </pixel_format>
        <pixel_format name="yuv444p16be" nb_components="3" log2_chroma_w="0" log2_chroma_h="0" bits_per_pixel="48">
            <flags big_endian="1" palette="0" bitstream="0" hwaccel="0" planar="1" rgb="0" pseudopal="0" alpha="0"/>
            <components>
                <component index="1" bit_depth="16"/>
                <component index="2" bit_depth="16"/>
                <component index="3" bit_depth="16"/>
            </components>
        </pixel_format>
        <pixel_format name="dxva2_vld" nb_components="0">
            <flags big_endian="0" palette="0" bitstream="0" hwaccel="1" planar="0" rgb="0" pseudopal="0" alpha="0"/>
        </pixel_format>
        <pixel_format name="rgb444le" nb_components="3" bits_per_pixel="12">
            <flags big_endian="0" palette="0" bitstream="0" hwaccel="0" planar="0" rgb="1" pseudopal="0" alpha="0"/>
            <components>
                <component index="1" bit_depth="4"/>
                <component index="2" bit_depth="4"/>
                <component index="3" bit_depth="4"/>
            </components>
        </pixel_format>
        <pixel_format name="rgb444be" nb_components="3" bits_per_pixel="12">
            <flags big_endian="1" palette="0" bitstream="0" hwaccel="0" planar="0" rgb="1" pseudopal="0" alpha="0"/>
            <components>
                <component index="1" bit_depth="4"/>
                <component index="2" bit_depth="4"/>
                <component index="3" bit_depth="4"/>
            </components>
        </pixel_format>
        <pixel_format name="bgr444le" nb_components="3" bits_per_pixel="12">
            <flags big_endian="0" palette="0" bitstream="0" hwaccel="0" planar="0" rgb="1" pseudopal="0" alpha="0"/>
            <components>
                <component index="1" bit_depth="4"/>
                <component index="2" bit_depth="4"/>
                <component index="3" bit_depth="4"/>
            </components>
        </pixel_format>
        <pixel_format name="bgr444be" nb_components="3" bits_per_pixel="12">
            <flags big_endian="1" palette="0" bitstream="0" hwaccel="0" planar="0" rgb="1" pseudopal="0" alpha="0"/>
            <components>
                <component index="1" bit_depth="4"/>
                <component index="2" bit_depth="4"/>
                <component index="3" bit_depth="4"/>
            </components>
        </pixel_format>
        <pixel_format name="ya8" nb_components="2" bits_per_pixel="16">
            <flags big_endian="0" palette="0" bitstream="0" hwaccel="0" planar="0" rgb="0" pseudopal="0" alpha="1"/>
            <components>
                <component index="1" bit_depth="8"/>
                <component index="2" bit_depth="8"/>
            </components>
        </pixel_format>
        <pixel_format name="bgr48be" nb_components="3" bits_per_pixel="48">
            <flags big_endian="1" palette="0" bitstream="0" hwaccel="0" planar="0" rgb="1" pseudopal="0" alpha="0"/>
            <components>
                <component index="1" bit_depth="16"/>
                <component index="2" bit_depth="16"/>
                <component index="3" bit_depth="16"/>
            </components>
        </pixel_format>
        <pixel_format name="bgr48le" nb_components="3" bits_per_pixel="48">
            <flags big_endian="0" palette="0" bitstream="0" hwaccel="0" planar="0" rgb="1" pseudopal="0" alpha="0"/>
            <components>
                <component index="1" bit_depth="16"/>
                <component index="2" bit_depth="16"/>
                <component index="3" bit_depth="16"/>
            </components>
        </pixel_format>
        <pixel_format name="yuv420p9be" nb_components="3" log2_chroma_w="1" log2_chroma_h="1" bits_per_pixel="13">
            <flags big_endian="1" palette="0" bitstream="0" hwaccel="0" planar="1" rgb="0" pseudopal="0" alpha="0"/>
            <components>
                <component index="1" bit_depth="9"/>
                <component index="2" bit_depth="9"/>
                <component index="3" bit_depth="9"/>
            </components>
        </pixel_format>
        <pixel_format name="yuv420p9le" nb_components="3" log2_chroma_w="1" log2_chroma_h="1" bits_per_pixel="13">
            <flags big_endian="0" palette="0" bitstream="0" hwaccel="0" planar="1" rgb="0" pseudopal="0" alpha="0"/>
            <components>
                <component index="1" bit_depth="9"/>
                <component index="2" bit_depth="9"/>
                <component index="3" bit_depth="9"/>
            </components>
        </pixel_format>
        <pixel_format name="yuv420p10be" nb_components="3" log2_chroma_w="1" log2_chroma_h="1" bits_per_pixel="15">
            <flags big_endian="1" palette="0" bitstream="0" hwaccel="0" planar="1" rgb="0" pseudopal="0" alpha="0"/>
            <components>
                <component index="1" bit_depth="10"/>
                <component index="2" bit_depth="10"/>
                <component index="3" bit_depth="10"/>
            </components>
        </pixel_format>
        <pixel_format name="yuv420p10le" nb_components="3" log2_chroma_w="1" log2_chroma_h="1" bits_per_pixel="15">
            <flags big_endian="0" palette="0" bitstream="0" hwaccel="0" planar="1" rgb="0" pseudopal="0" alpha="0"/>
            <components>
                <component index="1" bit_depth="10"/>
                <component index="2" bit_depth="10"/>
                <component index="3" bit_depth="10"/>
            </components>
        </pixel_format>
        <pixel_format name="yuv422p10be" nb_components="3" log2_chroma_w="1" log2_chroma_h="0" bits_per_pixel="20">
            <flags big_endian="1" palette="0" bitstream="0" hwaccel="0" planar="1" rgb="0" pseudopal="0" alpha="0"/>
            <components>
                <component index="1" bit_depth="10"/>
                <component index="2" bit_depth="10"/>
                <component index="3" bit_depth="10"/>
            </components>
        </pixel_format>
        <pixel_format name="yuv422p10le" nb_components="3" log2_chroma_w="1" log2_chroma_h="0" bits_per_pixel="20">
            <flags big_endian="0" palette="0" bitstream="0" hwaccel="0" planar="1" rgb="0" pseudopal="0" alpha="0"/>
            <components>
                <component index="1" bit_depth="10"/>
                <component index="2" bit_depth="10"/>
                <component index="3" bit_depth="10"/>
            </components>
        </pixel_format>
        <pixel_format name="yuv444p9be" nb_components="3" log2_chroma_w="0" log2_chroma_h="0" bits_per_pixel="27">
            <flags big_endian="1" palette="0" bitstream="0" hwaccel="0" planar="1" rgb="0" pseudopal="0" alpha="0"/>
            <components>
                <component index="1" bit_depth="9"/>
                <component index="2" bit_depth="9"/>
                <component index="3" bit_depth="9"/>
            </components>
        </pixel_format>
        <pixel_format name="yuv444p9le" nb_components="3" log2_chroma_w="0" log2_chroma_h="0" bits_per_pixel="27">
            <flags big_endian="0" palette="0" bitstream="0" hwaccel="0" planar="1" rgb="0" pseudopal="0" alpha="0"/>
            <components>
                <component index="1" bit_depth="9"/>
                <component index="2" bit_depth="9"/>
                <component index="3" bit_depth="9"/>
            </components>
        </pixel_format>
        <pixel_format name="yuv444p10be" nb_components="3" log2_chroma_w="0" log2_chroma_h="0" bits_per_pixel="30">
            <flags big_endian="1" palette="0" bitstream="0" hwaccel="0" planar="1" rgb="0" pseudopal="0" alpha="0"/>
            <components>
                <component index="1" bit_depth="10"/>
                <component index="2" bit_depth="10"/>
                <component index="3" bit_depth="10"/>
            </components>
        </pixel_format>
        <pixel_format name="yuv444p10le" nb_components="3" log2_chroma_w="0" log2_chroma_h="0" bits_per_pixel="30">
            <flags big_endian="0" palette="0" bitstream="0" hwaccel="0" planar="1" rgb="0" pseudopal="0" alpha="0"/>
            <components>
                <component index="1" bit_depth="10"/>
                <component index="2" bit_depth="10"/>
                <component index="3" bit_depth="10"/>
            </components>
        </pixel_format>
        <pixel_format name="yuv422p9be" nb_components="3" log2_chroma_w="1" log2_chroma_h="0" bits_per_pixel="18">
            <flags big_endian="1" palette="0" bitstream="0" hwaccel="0" planar="1" rgb="0" pseudopal="0" alpha="0"/>
            <components>
                <component index="1" bit_depth="9"/>
                <component index="2" bit_depth="9"/>
                <component index="3" bit_depth="9"/>
            </components>
        </pixel_format>
        <pixel_format name="yuv422p9le" nb_components="3" log2_chroma_w="1" log2_chroma_h="0" bits_per_pixel="18">
            <flags big_endian="0" palette="0" bitstream="0" hwaccel="0" planar="1" rgb="0" pseudopal="0" alpha="0"/>
            <components>
                <component index="1" bit_depth="9"/>
                <component index="2" bit_depth="9"/>
                <component index="3" bit_depth="9"/>
            </components>
        </pixel_format>
        <pixel_format name="gbrp" nb_components="3" bits_per_pixel="24">
            <flags big_endian="0" palette="0" bitstream="0" hwaccel="0" planar="1" rgb="1" pseudopal="0" alpha="0"/>
            <components>
                <component index="1" bit_depth="8"/>
                <component index="2" bit_depth="8"/>
                <component index="3" bit_depth="8"/>
            </components>
        </pixel_format>
        <pixel_format name="gbrp9be" nb_components="3" bits_per_pixel="27">
            <flags big_endian="1" palette="0" bitstream="0" hwaccel="0" planar="1" rgb="1" pseudopal="0" alpha="0"/>
            <components>
                <component index="1" bit_depth="9"/>
                <component index="2" bit_depth="9"/>
                <component index="3" bit_depth="9"/>
            </components>
        </pixel_format>
        <pixel_format name="gbrp9le" nb_components="3" bits_per_pixel="27">
            <flags big_endian="0" palette="0" bitstream="0" hwaccel="0" planar="1" rgb="1" pseudopal="0" alpha="0"/>
            <components>
                <component index="1" bit_depth="9"/>
                <component index="2" bit_depth="9"/>
                <component index="3" bit_depth="9"/>
            </components>
        </pixel_format>
        <pixel_format name="gbrp10be" nb_components="3" bits_per_pixel="30">
            <flags big_endian="1" palette="0" bitstream="0" hwaccel="0" planar="1" rgb="1" pseudopal="0" alpha="0"/>
            <components>
                <component index="1" bit_depth="10"/>
                <component index="2" bit_depth="10"/>
                <component index="3" bit_depth="10"/>
            </components>
        </pixel_format>
        <pixel_format name="gbrp10le" nb_components="3" bits_per_pixel="30">
            <flags big_endian="0" palette="0" bitstream="0" hwaccel="0" planar="1" rgb="1" pseudopal="0" alpha="0"/>
            <components>
                <component index="1" bit_depth="10"/>
                <component index="2" bit_depth="10"/>
                <component index="3" bit_depth="10"/>
            </components>
        </pixel_format>
        <pixel_format name="gbrp16be" nb_components="3" bits_per_pixel="48">
            <flags big_endian="1" palette="0" bitstream="0" hwaccel="0" planar="1" rgb="1" pseudopal="0" alpha="0"/>
            <components>
                <component index="1" bit_depth="16"/>
                <component index="2" bit_depth="16"/>
                <component index="3" bit_depth="16"/>
            </components>
        </pixel_format>
        <pixel_format name="gbrp16le" nb_components="3" bits_per_pixel="48">
            <flags big_endian="0" palette="0" bitstream="0" hwaccel="0" planar="1" rgb="1" pseudopal="0" alpha="0"/>
            <components>
                <component index="1" bit_depth="16"/>
                <component index="2" bit_depth="16"/>
                <component index="3" bit_depth="16"/>
            </components>
        </pixel_format>
        <pixel_format name="yuva422p" nb_components="4" log2_chroma_w="1" log2_chroma_h="0" bits_per_pixel="24">
            <flags big_endian="0" palette="0" bitstream="0" hwaccel="0" planar="1" rgb="0" pseudopal="0" alpha="1"/>
            <components>
                <component index="1" bit_depth="8"/>
                <component index="2" bit_depth="8"/>
                <component index="3" bit_depth="8"/>
                <component index="4" bit_depth="8"/>
            </components>
        </pixel_format>
        <pixel_format name="yuva444p" nb_components="4" log2_chroma_w="0" log2_chroma_h="0" bits_per_pixel="32">
            <flags big_endian="0" palette="0" bitstream="0" hwaccel="0" planar="1" rgb="0" pseudopal="0" alpha="1"/>
            <components>
                <component index="1" bit_depth="8"/>
                <component index="2" bit_depth="8"/>
                <component index="3" bit_depth="8"/>
                <component index="4" bit_depth="8"/>
            </components>
        </pixel_format>
        <pixel_format name="yuva420p9be" nb_components="4" log2_chroma_w="1" log2_chroma_h="1" bits_per_pixel="22">
            <flags big_endian="1" palette="0" bitstream="0" hwaccel="0" planar="1" rgb="0" pseudopal="0" alpha="1"/>
            <components>
                <component index="1" bit_depth="9"/>
                <component index="2" bit_depth="9"/>
                <component index="3" bit_depth="9"/>
                <component index="4" bit_depth="9"/>
            </components>
        </pixel_format>
        <pixel_format name="yuva420p9le" nb_components="4" log2_chroma_w="1" log2_chroma_h="1" bits_per_pixel="22">
            <flags big_endian="0" palette="0" bitstream="0" hwaccel="0" planar="1" rgb="0" pseudopal="0" alpha="1"/>
            <components>
                <component index="1" bit_depth="9"/>
                <component index="2" bit_depth="9"/>
                <component index="3" bit_depth="9"/>
                <component index="4" bit_depth="9"/>
            </components>
        </pixel_format>
        <pixel_format name="yuva422p9be" nb_components="4" log2_chroma_w="1" log2_chroma_h="0" bits_per_pixel="27">
            <flags big_endian="1" palette="0" bitstream="0" hwaccel="0" planar="1" rgb="0" pseudopal="0" alpha="1"/>
            <components>
                <component index="1" bit_depth="9"/>
                <component index="2" bit_depth="9"/>
                <component index="3" bit_depth="9"/>
                <component index="4" bit_depth="9"/>
            </components>
        </pixel_format>
        <pixel_format name="yuva422p9le" nb_components="4" log2_chroma_w="1" log2_chroma_h="0" bits_per_pixel="27">
            <flags big_endian="0" palette="0" bitstream="0" hwaccel="0" planar="1" rgb="0" pseudopal="0" alpha="1"/>
            <components>
                <component index="1" bit_depth="9"/>
                <component index="2" bit_depth="9"/>
                <component index="3" bit_depth="9"/>
                <component index="4" bit_depth="9"/>
            </components>
        </pixel_format>
        <pixel_format name="yuva444p9be" nb_components="4" log2_chroma_w="0" log2_chroma_h="0" bits_per_pixel="36">
            <flags big_endian="1" palette="0" bitstream="0" hwaccel="0" planar="1" rgb="0" pseudopal="0" alpha="1"/>
            <components>
                <component index="1" bit_depth="9"/>
                <component index="2" bit_depth="9"/>
                <component index="3" bit_depth="9"/>
                <component index="4" bit_depth="9"/>
            </components>
        </pixel_format>
        <pixel_format name="yuva444p9le" nb_components="4" log2_chroma_w="0" log2_chroma_h="0" bits_per_pixel="36">
            <flags big_endian="0" palette="0" bitstream="0" hwaccel="0" planar="1" rgb="0" pseudopal="0" alpha="1"/>
            <components>
                <component index="1" bit_depth="9"/>
                <component index="2" bit_depth="9"/>
                <component index="3" bit_depth="9"/>
                <component index="4" bit_depth="9"/>
            </components>
        </pixel_format>
        <pixel_format name="yuva420p10be" nb_components="4" log2_chroma_w="1" log2_chroma_h="1" bits_per_pixel="25">
            <flags big_endian="1" palette="0" bitstream="0" hwaccel="0" planar="1" rgb="0" pseudopal="0" alpha="1"/>
            <components>
                <component index="1" bit_depth="10"/>
                <component index="2" bit_depth="10"/>
                <component index="3" bit_depth="10"/>
                <component index="4" bit_depth="10"/>
            </components>
        </pixel_format>
        <pixel_format name="yuva420p10le" nb_components="4" log2_chroma_w="1" log2_chroma_h="1" bits_per_pixel="25">
            <flags big_endian="0" palette="0" bitstream="0" hwaccel="0" planar="1" rgb="0" pseudopal="0" alpha="1"/>
            <components>
                <component index="1" bit_depth="10"/>
                <component index="2" bit_depth="10"/>
                <component index="3" bit_depth="10"/>
                <component index="4" bit_depth="10"/>
            </components>
        </pixel_format>
        <pixel_format name="yuva422p10be" nb_components="4" log2_chroma_w="1" log2_chroma_h="0" bits_per_pixel="30">
            <flags big_endian="1" palette="0" bitstream="0" hwaccel="0" planar="1" rgb="0" pseudopal="0" alpha="1"/>
            <components>
                <component index="1" bit_depth="10"/>
                <component index="2" bit_depth="10"/>
                <component index="3" bit_depth="10"/>
                <component index="4" bit_depth="10"/>
            </components>
        </pixel_format>
        <pixel_format name="yuva422p10le" nb_components="4" log2_chroma_w="1" log2_chroma_h="0" bits_per_pixel="30">
            <flags big_endian="0" palette="0" bitstream="0" hwaccel="0" planar="1" rgb="0" pseudopal="0" alpha="1"/>
            <components>
                <component index="1" bit_depth="10"/>
                <component index="2" bit_depth="10"/>
                <component index="3" bit_depth="10"/>
                <component index="4" bit_depth="10"/>
            </components>
        </pixel_format>
        <pixel_format name="yuva444p10be" nb_components="4" log2_chroma_w="0" log2_chroma_h="0" bits_per_pixel="40">
            <flags big_endian="1" palette="0" bitstream="0" hwaccel="0" planar="1" rgb="0" pseudopal="0" alpha="1"/>
            <components>
                <component index="1" bit_depth="10"/>
                <component index="2" bit_depth="10"/>
                <component index="3" bit_depth="10"/>
                <component index="4" bit_depth="10"/>
            </components>
        </pixel_format>
        <pixel_format name="yuva444p10le" nb_components="4" log2_chroma_w="0" log2_chroma_h="0" bits_per_pixel="40">
            <flags big_endian="0" palette="0" bitstream="0" hwaccel="0" planar="1" rgb="0" pseudopal="0" alpha="1"/>
            <components>
                <component index="1" bit_depth="10"/>
                <component index="2" bit_depth="10"/>
                <component index="3" bit_depth="10"/>
                <component index="4" bit_depth="10"/>
            </components>
        </pixel_format>
        <pixel_format name="yuva420p16be" nb_components="4" log2_chroma_w="1" log2_chroma_h="1" bits_per_pixel="40">
            <flags big_endian="1" palette="0" bitstream="0" hwaccel="0" planar="1" rgb="0" pseudopal="0" alpha="1"/>
            <components>
                <component index="1" bit_depth="16"/>
                <component index="2" bit_depth="16"/>
                <component index="3" bit_depth="16"/>
                <component index="4" bit_depth="16"/>
            </components>
        </pixel_format>
        <pixel_format name="yuva420p16le" nb_components="4" log2_chroma_w="1" log2_chroma_h="1" bits_per_pixel="40">
            <flags big_endian="0" palette="0" bitstream="0" hwaccel="0" planar="1" rgb="0" pseudopal="0" alpha="1"/>
            <components>
                <component index="1" bit_depth="16"/>
                <component index="2" bit_depth="16"/>
                <component index="3" bit_depth="16"/>
                <component index="4" bit_depth="16"/>
            </components>
        </pixel_format>
        <pixel_format name="yuva422p16be" nb_components="4" log2_chroma_w="1" log2_chroma_h="0" bits_per_pixel="48">
            <flags big_endian="1" palette="0" bitstream="0" hwaccel="0" planar="1" rgb="0" pseudopal="0" alpha="1"/>
            <components>
                <component index="1" bit_depth="16"/>
                <component index="2" bit_depth="16"/>
                <component index="3" bit_depth="16"/>
                <component index="4" bit_depth="16"/>
            </components>
        </pixel_format>
        <pixel_format name="yuva422p16le" nb_components="4" log2_chroma_w="1" log2_chroma_h="0" bits_per_pixel="48">
            <flags big_endian="0" palette="0" bitstream="0" hwaccel="0" planar="1" rgb="0" pseudopal="0" alpha="1"/>
            <components>
                <component index="1" bit_depth="16"/>
                <component index="2" bit_depth="16"/>
                <component index="3" bit_depth="16"/>
                <component index="4" bit_depth="16"/>
            </components>
        </pixel_format>
        <pixel_format name="yuva444p16be" nb_components="4" log2_chroma_w="0" log2_chroma_h="0" bits_per_pixel="64">
            <flags big_endian="1" palette="0" bitstream="0" hwaccel="0" planar="1" rgb="0" pseudopal="0" alpha="1"/>
            <components>
                <component index="1" bit_depth="16"/>
                <component index="2" bit_depth="16"/>
                <component index="3" bit_depth="16"/>
                <component index="4" bit_depth="16"/>
            </components>
        </pixel_format>
        <pixel_format name="yuva444p16le" nb_components="4" log2_chroma_w="0" log2_chroma_h="0" bits_per_pixel="64">
            <flags big_endian="0" palette="0" bitstream="0" hwaccel="0" planar="1" rgb="0" pseudopal="0" alpha="1"/>
            <components>
                <component index="1" bit_depth="16"/>
                <component index="2" bit_depth="16"/>
                <component index="3" bit_depth="16"/>
                <component index="4" bit_depth="16"/>
            </components>
        </pixel_format>
        <pixel_format name="vdpau" nb_components="0">
            <flags big_endian="0" palette="0" bitstream="0" hwaccel="1" planar="0" rgb="0" pseudopal="0" alpha="0"/>
        </pixel_format>
        <pixel_format name="xyz12le" nb_components="3" log2_chroma_w="0" log2_chroma_h="0" bits_per_pixel="36">
            <flags big_endian="0" palette="0" bitstream="0" hwaccel="0" planar="0" rgb="0" pseudopal="0" alpha="0"/>
            <components>
                <component index="1" bit_depth="12"/>
                <component index="2" bit_depth="12"/>
                <component index="3" bit_depth="12"/>
            </components>
        </pixel_format>
        <pixel_format name="xyz12be" nb_components="3" log2_chroma_w="0" log2_chroma_h="0" bits_per_pixel="36">
            <flags big_endian="1" palette="0" bitstream="0" hwaccel="0" planar="0" rgb="0" pseudopal="0" alpha="0"/>
            <components>
                <component index="1" bit_depth="12"/>
                <component index="2" bit_depth="12"/>
                <component index="3" bit_depth="12"/>
            </components>
        </pixel_format>
        <pixel_format name="nv16" nb_components="3" log2_chroma_w="1" log2_chroma_h="0" bits_per_pixel="16">
            <flags big_endian="0" palette="0" bitstream="0" hwaccel="0" planar="1" rgb="0" pseudopal="0" alpha="0"/>
            <components>
                <component index="1" bit_depth="8"/>
                <component index="2" bit_depth="8"/>
                <component index="3" bit_depth="8"/>
            </components>
        </pixel_format>
        <pixel_format name="nv20le" nb_components="3" log2_chroma_w="1" log2_chroma_h="0" bits_per_pixel="20">
            <flags big_endian="0" palette="0" bitstream="0" hwaccel="0" planar="1" rgb="0" pseudopal="0" alpha="0"/>
            <components>
                <component index="1" bit_depth="10"/>
                <component index="2" bit_depth="10"/>
                <component index="3" bit_depth="10"/>
            </components>
        </pixel_format>
        <pixel_format name="nv20be" nb_components="3" log2_chroma_w="1" log2_chroma_h="0" bits_per_pixel="20">
            <flags big_endian="1" palette="0" bitstream="0" hwaccel="0" planar="1" rgb="0" pseudopal="0" alpha="0"/>
            <components>
                <component index="1" bit_depth="10"/>
                <component index="2" bit_depth="10"/>
                <component index="3" bit_depth="10"/>
            </components>
        </pixel_format>
        <pixel_format name="rgba64be" nb_components="4" bits_per_pixel="64">
            <flags big_endian="1" palette="0" bitstream="0" hwaccel="0" planar="0" rgb="1" pseudopal="0" alpha="1"/>
            <components>
                <component index="1" bit_depth="16"/>
                <component index="2" bit_depth="16"/>
                <component index="3" bit_depth="16"/>
                <component index="4" bit_depth="16"/>
            </components>
        </pixel_format>
        <pixel_format name="rgba64le" nb_components="4" bits_per_pixel="64">
            <flags big_endian="0" palette="0" bitstream="0" hwaccel="0" planar="0" rgb="1" pseudopal="0" alpha="1"/>
            <components>
                <component index="1" bit_depth="16"/>
                <component index="2" bit_depth="16"/>
                <component index="3" bit_depth="16"/>
                <component index="4" bit_depth="16"/>
            </components>
        </pixel_format>
        <pixel_format name="bgra64be" nb_components="4" bits_per_pixel="64">
            <flags big_endian="1" palette="0" bitstream="0" hwaccel="0" planar="0" rgb="1" pseudopal="0" alpha="1"/>
            <components>
                <component index="1" bit_depth="16"/>
                <component index="2" bit_depth="16"/>
                <component index="3" bit_depth="16"/>
                <component index="4" bit_depth="16"/>
            </components>
        </pixel_format>
        <pixel_format name="bgra64le" nb_components="4" bits_per_pixel="64">
            <flags big_endian="0" palette="0" bitstream="0" hwaccel="0" planar="0" rgb="1" pseudopal="0" alpha="1"/>
            <components>
                <component index="1" bit_depth="16"/>
                <component index="2" bit_depth="16"/>
                <component index="3" bit_depth="16"/>
                <component index="4" bit_depth="16"/>
            </components>
        </pixel_format>
        <pixel_format name="yvyu422" nb_components="3" log2_chroma_w="1" log2_chroma_h="0" bits_per_pixel="16">
            <flags big_endian="0" palette="0" bitstream="0" hwaccel="0" planar="0" rgb="0" pseudopal="0" alpha="0"/>
            <components>
                <component index="1" bit_depth="8"/>
                <component index="2" bit_depth="8"/>
                <component index="3" bit_depth="8"/>
            </components>
        </pixel_format>
        <pixel_format name="ya16be" nb_components="2" bits_per_pixel="32">
            <flags big_endian="1" palette="0" bitstream="0" hwaccel="0" planar="0" rgb="0" pseudopal="0" alpha="1"/>
            <components>
                <component index="1" bit_depth="16"/>
                <component index="2" bit_depth="16"/>
            </components>
        </pixel_format>
        <pixel_format name="ya16le" nb_components="2" bits_per_pixel="32">
            <flags big_endian="0" palette="0" bitstream="0" hwaccel="0" planar="0" rgb="0" pseudopal="0" alpha="1"/>
            <components>
                <component index="1" bit_depth="16"/>
                <component index="2" bit_depth="16"/>
            </components>
        </pixel_format>
        <pixel_format name="gbrap" nb_components="4" bits_per_pixel="32">
            <flags big_endian="0" palette="0" bitstream="0" hwaccel="0" planar="1" rgb="1" pseudopal="0" alpha="1"/>
            <components>
                <component index="1" bit_depth="8"/>
                <component index="2" bit_depth="8"/>
                <component index="3" bit_depth="8"/>
                <component index="4" bit_depth="8"/>
            </components>
        </pixel_format>
        <pixel_format name="gbrap16be" nb_components="4" bits_per_pixel="64">
            <flags big_endian="1" palette="0" bitstream="0" hwaccel="0" planar="1" rgb="1" pseudopal="0" alpha="1"/>
            <components>
                <component index="1" bit_depth="16"/>
                <component index="2" bit_depth="16"/>
                <component index="3" bit_depth="16"/>
                <component index="4" bit_depth="16"/>
            </components>
        </pixel_format>
        <pixel_format name="gbrap16le" nb_components="4" bits_per_pixel="64">
            <flags big_endian="0" palette="0" bitstream="0" hwaccel="0" planar="1" rgb="1" pseudopal="0" alpha="1"/>
            <components>
                <component index="1" bit_depth="16"/>
                <component index="2" bit_depth="16"/>
                <component index="3" bit_depth="16"/>
                <component index="4" bit_depth="16"/>
            </components>
        </pixel_format>
        <pixel_format name="qsv" nb_components="0">
            <flags big_endian="0" palette="0" bitstream="0" hwaccel="1" planar="0" rgb="0" pseudopal="0" alpha="0"/>
        </pixel_format>
        <pixel_format name="mmal" nb_components="0">
            <flags big_endian="0" palette="0" bitstream="0" hwaccel="1" planar="0" rgb="0" pseudopal="0" alpha="0"/>
        </pixel_format>
        <pixel_format name="d3d11va_vld" nb_components="0">
            <flags big_endian="0" palette="0" bitstream="0" hwaccel="1" planar="0" rgb="0" pseudopal="0" alpha="0"/>
        </pixel_format>
        <pixel_format name="cuda" nb_components="0">
            <flags big_endian="0" palette="0" bitstream="0" hwaccel="1" planar="0" rgb="0" pseudopal="0" alpha="0"/>
        </pixel_format>
        <pixel_format name="0rgb" nb_components="3" bits_per_pixel="24">
            <flags big_endian="0" palette="0" bitstream="0" hwaccel="0" planar="0" rgb="1" pseudopal="0" alpha="0"/>
            <components>
                <component index="1" bit_depth="8"/>
                <component index="2" bit_depth="8"/>
                <component index="3" bit_depth="8"/>
            </components>
        </pixel_format>
        <pixel_format name="rgb0" nb_components="3" bits_per_pixel="24">
            <flags big_endian="0" palette="0" bitstream="0" hwaccel="0" planar="0" rgb="1" pseudopal="0" alpha="0"/>
            <components>
                <component index="1" bit_depth="8"/>
                <component index="2" bit_depth="8"/>
                <component index="3" bit_depth="8"/>
            </components>
        </pixel_format>
        <pixel_format name="0bgr" nb_components="3" bits_per_pixel="24">
            <flags big_endian="0" palette="0" bitstream="0" hwaccel="0" planar="0" rgb="1" pseudopal="0" alpha="0"/>
            <components>
                <component index="1" bit_depth="8"/>
                <component index="2" bit_depth="8"/>
                <component index="3" bit_depth="8"/>
            </components>
        </pixel_format>
        <pixel_format name="bgr0" nb_components="3" bits_per_pixel="24">
            <flags big_endian="0" palette="0" bitstream="0" hwaccel="0" planar="0" rgb="1" pseudopal="0" alpha="0"/>
            <components>
                <component index="1" bit_depth="8"/>
                <component index="2" bit_depth="8"/>
                <component index="3" bit_depth="8"/>
            </components>
        </pixel_format>
        <pixel_format name="yuv420p12be" nb_components="3" log2_chroma_w="1" log2_chroma_h="1" bits_per_pixel="18">
            <flags big_endian="1" palette="0" bitstream="0" hwaccel="0" planar="1" rgb="0" pseudopal="0" alpha="0"/>
            <components>
                <component index="1" bit_depth="12"/>
                <component index="2" bit_depth="12"/>
                <component index="3" bit_depth="12"/>
            </components>
        </pixel_format>
        <pixel_format name="yuv420p12le" nb_components="3" log2_chroma_w="1" log2_chroma_h="1" bits_per_pixel="18">
            <flags big_endian="0" palette="0" bitstream="0" hwaccel="0" planar="1" rgb="0" pseudopal="0" alpha="0"/>
            <components>
                <component index="1" bit_depth="12"/>
                <component index="2" bit_depth="12"/>
                <component index="3" bit_depth="12"/>
            </components>
        </pixel_format>
        <pixel_format name="yuv420p14be" nb_components="3" log2_chroma_w="1" log2_chroma_h="1" bits_per_pixel="21">
            <flags big_endian="1" palette="0" bitstream="0" hwaccel="0" planar="1" rgb="0" pseudopal="0" alpha="0"/>
            <components>
                <component index="1" bit_depth="14"/>
                <component index="2" bit_depth="14"/>
                <component index="3" bit_depth="14"/>
            </components>
        </pixel_format>
        <pixel_format name="yuv420p14le" nb_components="3" log2_chroma_w="1" log2_chroma_h="1" bits_per_pixel="21">
            <flags big_endian="0" palette="0" bitstream="0" hwaccel="0" planar="1" rgb="0" pseudopal="0" alpha="0"/>
            <components>
                <component index="1" bit_depth="14"/>
                <component index="2" bit_depth="14"/>
                <component index="3" bit_depth="14"/>
            </components>
        </pixel_format>
        <pixel_format name="yuv422p12be" nb_components="3" log2_chroma_w="1" log2_chroma_h="0" bits_per_pixel="24">
            <flags big_endian="1" palette="0" bitstream="0" hwaccel="0" planar="1" rgb="0" pseudopal="0" alpha="0"/>
            <components>
                <component index="1" bit_depth="12"/>
                <component index="2" bit_depth="12"/>
                <component index="3" bit_depth="12"/>
            </components>
        </pixel_format>
        <pixel_format name="yuv422p12le" nb_components="3" log2_chroma_w="1" log2_chroma_h="0" bits_per_pixel="24">
            <flags big_endian="0" palette="0" bitstream="0" hwaccel="0" planar="1" rgb="0" pseudopal="0" alpha="0"/>
            <components>
                <component index="1" bit_depth="12"/>
                <component index="2" bit_depth="12"/>
                <component index="3" bit_depth="12"/>
            </components>
        </pixel_format>
        <pixel_format name="yuv422p14be" nb_components="3" log2_chroma_w="1" log2_chroma_h="0" bits_per_pixel="28">
            <flags big_endian="1" palette="0" bitstream="0" hwaccel="0" planar="1" rgb="0" pseudopal="0" alpha="0"/>
            <components>
                <component index="1" bit_depth="14"/>
                <component index="2" bit_depth="14"/>
                <component index="3" bit_depth="14"/>
            </components>
        </pixel_format>
        <pixel_format name="yuv422p14le" nb_components="3" log2_chroma_w="1" log2_chroma_h="0" bits_per_pixel="28">
            <flags big_endian="0" palette="0" bitstream="0" hwaccel="0" planar="1" rgb="0" pseudopal="0" alpha="0"/>
            <components>
                <component index="1" bit_depth="14"/>
                <component index="2" bit_depth="14"/>
                <component index="3" bit_depth="14"/>
            </components>
        </pixel_format>
        <pixel_format name="yuv444p12be" nb_components="3" log2_chroma_w="0" log2_chroma_h="0" bits_per_pixel="36">
            <flags big_endian="1" palette="0" bitstream="0" hwaccel="0" planar="1" rgb="0" pseudopal="0" alpha="0"/>
            <components>
                <component index="1" bit_depth="12"/>
                <component index="2" bit_depth="12"/>
                <component index="3" bit_depth="12"/>
            </components>
        </pixel_format>
        <pixel_format name="yuv444p12le" nb_components="3" log2_chroma_w="0" log2_chroma_h="0" bits_per_pixel="36">
            <flags big_endian="0" palette="0" bitstream="0" hwaccel="0" planar="1" rgb="0" pseudopal="0" alpha="0"/>
            <components>
                <component index="1" bit_depth="12"/>
                <component index="2" bit_depth="12"/>
                <component index="3" bit_depth="12"/>
            </components>
        </pixel_format>
        <pixel_format name="yuv444p14be" nb_components="3" log2_chroma_w="0" log2_chroma_h="0" bits_per_pixel="42">
            <flags big_endian="1" palette="0" bitstream="0" hwaccel="0" planar="1" rgb="0" pseudopal="0" alpha="0"/>
            <components>
                <component index="1" bit_depth="14"/>
                <component index="2" bit_depth="14"/>
                <component index="3" bit_depth="14"/>
            </components>
        </pixel_format>
        <pixel_format name="yuv444p14le" nb_components="3" log2_chroma_w="0" log2_chroma_h="0" bits_per_pixel="42">
            <flags big_endian="0" palette="0" bitstream="0" hwaccel="0" planar="1" rgb="0" pseudopal="0" alpha="0"/>
            <components>
                <component index="1" bit_depth="14"/>
                <component index="2" bit_depth="14"/>
                <component index="3" bit_depth="14"/>
            </components>
        </pixel_format>
        <pixel_format name="gbrp12be" nb_components="3" bits_per_pixel="36">
            <flags big_endian="1" palette="0" bitstream="0" hwaccel="0" planar="1" rgb="1" pseudopal="0" alpha="0"/>
            <components>
                <component index="1" bit_depth="12"/>
                <component index="2" bit_depth="12"/>
                <component index="3" bit_depth="12"/>
            </components>
        </pixel_format>
        <pixel_format name="gbrp12le" nb_components="3" bits_per_pixel="36">
            <flags big_endian="0" palette="0" bitstream="0" hwaccel="0" planar="1" rgb="1" pseudopal="0" alpha="0"/>
            <components>
                <component index="1" bit_depth="12"/>
                <component index="2" bit_depth="12"/>
                <component index="3" bit_depth="12"/>
            </components>
        </pixel_format>
        <pixel_format name="gbrp14be" nb_components="3" bits_per_pixel="42">
            <flags big_endian="1" palette="0" bitstream="0" hwaccel="0" planar="1" rgb="1" pseudopal="0" alpha="0"/>
            <components>
                <component index="1" bit_depth="14"/>
                <component index="2" bit_depth="14"/>
                <component index="3" bit_depth="14"/>
            </components>
        </pixel_format>
        <pixel_format name="gbrp14le" nb_components="3" bits_per_pixel="42">
            <flags big_endian="0" palette="0" bitstream="0" hwaccel="0" planar="1" rgb="1" pseudopal="0" alpha="0"/>
            <components>
                <component index="1" bit_depth="14"/>
                <component index="2" bit_depth="14"/>
                <component index="3" bit_depth="14"/>
            </components>
        </pixel_format>
        <pixel_format name="yuvj411p" nb_components="3" log2_chroma_w="2" log2_chroma_h="0" bits_per_pixel="12">
            <flags big_endian="0" palette="0" bitstream="0" hwaccel="0" planar="1" rgb="0" pseudopal="0" alpha="0"/>
            <components>
                <component index="1" bit_depth="8"/>
                <component index="2" bit_depth="8"/>
                <component index="3" bit_depth="8"/>
            </components>
        </pixel_format>
        <pixel_format name="bayer_bggr8" nb_components="3" bits_per_pixel="8">
            <flags big_endian="0" palette="0" bitstream="0" hwaccel="0" planar="0" rgb="1" pseudopal="0" alpha="0"/>
            <components>
                <component index="1" bit_depth="2"/>
                <component index="2" bit_depth="4"/>
                <component index="3" bit_depth="2"/>
            </components>
        </pixel_format>
        <pixel_format name="bayer_rggb8" nb_components="3" bits_per_pixel="8">
            <flags big_endian="0" palette="0" bitstream="0" hwaccel="0" planar="0" rgb="1" pseudopal="0" alpha="0"/>
            <components>
                <component index="1" bit_depth="2"/>
                <component index="2" bit_depth="4"/>
                <component index="3" bit_depth="2"/>
            </components>
        </pixel_format>
        <pixel_format name="bayer_gbrg8" nb_components="3" bits_per_pixel="8">
            <flags big_endian="0" palette="0" bitstream="0" hwaccel="0" planar="0" rgb="1" pseudopal="0" alpha="0"/>
            <components>
                <component index="1" bit_depth="2"/>
                <component index="2" bit_depth="4"/>
                <component index="3" bit_depth="2"/>
            </components>
        </pixel_format>
        <pixel_format name="bayer_grbg8" nb_components="3" bits_per_pixel="8">
            <flags big_endian="0" palette="0" bitstream="0" hwaccel="0" planar="0" rgb="1" pseudopal="0" alpha="0"/>
            <components>
                <component index="1" bit_depth="2"/>
                <component index="2" bit_depth="4"/>
                <component index="3" bit_depth="2"/>
            </components>
        </pixel_format>
        <pixel_format name="bayer_bggr16le" nb_components="3" bits_per_pixel="16">
            <flags big_endian="0" palette="0" bitstream="0" hwaccel="0" planar="0" rgb="1" pseudopal="0" alpha="0"/>
            <components>
                <component index="1" bit_depth="4"/>
                <component index="2" bit_depth="8"/>
                <component index="3" bit_depth="4"/>
            </components>
        </pixel_format>
        <pixel_format name="bayer_bggr16be" nb_components="3" bits_per_pixel="16">
            <flags big_endian="1" palette="0" bitstream="0" hwaccel="0" planar="0" rgb="1" pseudopal="0" alpha="0"/>
            <components>
                <component index="1" bit_depth="4"/>
                <component index="2" bit_depth="8"/>
                <component index="3" bit_depth="4"/>
            </components>
        </pixel_format>
        <pixel_format name="bayer_rggb16le" nb_components="3" bits_per_pixel="16">
            <flags big_endian="0" palette="0" bitstream="0" hwaccel="0" planar="0" rgb="1" pseudopal="0" alpha="0"/>
            <components>
                <component index="1" bit_depth="4"/>
                <component index="2" bit_depth="8"/>
                <component index="3" bit_depth="4"/>
            </components>
        </pixel_format>
        <pixel_format name="bayer_rggb16be" nb_components="3" bits_per_pixel="16">
            <flags big_endian="1" palette="0" bitstream="0" hwaccel="0" planar="0" rgb="1" pseudopal="0" alpha="0"/>
            <components>
                <component index="1" bit_depth="4"/>
                <component index="2" bit_depth="8"/>
                <component index="3" bit_depth="4"/>
            </components>
        </pixel_format>
        <pixel_format name="bayer_gbrg16le" nb_components="3" bits_per_pixel="16">
            <flags big_endian="0" palette="0" bitstream="0" hwaccel="0" planar="0" rgb="1" pseudopal="0" alpha="0"/>
            <components>
                <component index="1" bit_depth="4"/>
                <component index="2" bit_depth="8"/>
                <component index="3" bit_depth="4"/>
            </components>
        </pixel_format>
        <pixel_format name="bayer_gbrg16be" nb_components="3" bits_per_pixel="16">
            <flags big_endian="1" palette="0" bitstream="0" hwaccel="0" planar="0" rgb="1" pseudopal="0" alpha="0"/>
            <components>
                <component index="1" bit_depth="4"/>
                <component index="2" bit_depth="8"/>
                <component index="3" bit_depth="4"/>
            </components>
        </pixel_format>
        <pixel_format name="bayer_grbg16le" nb_components="3" bits_per_pixel="16">
            <flags big_endian="0" palette="0" bitstream="0" hwaccel="0" planar="0" rgb="1" pseudopal="0" alpha="0"/>
            <components>
                <component index="1" bit_depth="4"/>
                <component index="2" bit_depth="8"/>
                <component index="3" bit_depth="4"/>
            </components>
        </pixel_format>
        <pixel_format name="bayer_grbg16be" nb_components="3" bits_per_pixel="16">
            <flags big_endian="1" palette="0" bitstream="0" hwaccel="0" planar="0" rgb="1" pseudopal="0" alpha="0"/>
            <components>
                <component index="1" bit_depth="4"/>
                <component index="2" bit_depth="8"/>
                <component index="3" bit_depth="4"/>
            </components>
        </pixel_format>
        <pixel_format name="xvmc" nb_components="0">
            <flags big_endian="0" palette="0" bitstream="0" hwaccel="1" planar="0" rgb="0" pseudopal="0" alpha="0"/>
        </pixel_format>
        <pixel_format name="yuv440p10le" nb_components="3" log2_chroma_w="0" log2_chroma_h="1" bits_per_pixel="20">
            <flags big_endian="0" palette="0" bitstream="0" hwaccel="0" planar="1" rgb="0" pseudopal="0" alpha="0"/>
            <components>
                <component index="1" bit_depth="10"/>
                <component index="2" bit_depth="10"/>
                <component index="3" bit_depth="10"/>
            </components>
        </pixel_format>
        <pixel_format name="yuv440p10be" nb_components="3" log2_chroma_w="0" log2_chroma_h="1" bits_per_pixel="20">
            <flags big_endian="1" palette="0" bitstream="0" hwaccel="0" planar="1" rgb="0" pseudopal="0" alpha="0"/>
            <components>
                <component index="1" bit_depth="10"/>
                <component index="2" bit_depth="10"/>
                <component index="3" bit_depth="10"/>
            </components>
        </pixel_format>
        <pixel_format name="yuv440p12le" nb_components="3" log2_chroma_w="0" log2_chroma_h="1" bits_per_pixel="24">
            <flags big_endian="0" palette="0" bitstream="0" hwaccel="0" planar="1" rgb="0" pseudopal="0" alpha="0"/>
            <components>
                <component index="1" bit_depth="12"/>
                <component index="2" bit_depth="12"/>
                <component index="3" bit_depth="12"/>
            </components>
        </pixel_format>
        <pixel_format name="yuv440p12be" nb_components="3" log2_chroma_w="0" log2_chroma_h="1" bits_per_pixel="24">
            <flags big_endian="1" palette="0" bitstream="0" hwaccel="0" planar="1" rgb="0" pseudopal="0" alpha="0"/>
            <components>
                <component index="1" bit_depth="12"/>
                <component index="2" bit_depth="12"/>
                <component index="3" bit_depth="12"/>
            </components>
        </pixel_format>
        <pixel_format name="ayuv64le" nb_components="4" log2_chroma_w="0" log2_chroma_h="0" bits_per_pixel="64">
            <flags big_endian="0" palette="0" bitstream="0" hwaccel="0" planar="0" rgb="0" pseudopal="0" alpha="1"/>
            <components>
                <component index="1" bit_depth="16"/>
                <component index="2" bit_depth="16"/>
                <component index="3" bit_depth="16"/>
                <component index="4" bit_depth="16"/>
            </components>
        </pixel_format>
        <pixel_format name="ayuv64be" nb_components="4" log2_chroma_w="0" log2_chroma_h="0" bits_per_pixel="64">
            <flags big_endian="1" palette="0" bitstream="0" hwaccel="0" planar="0" rgb="0" pseudopal="0" alpha="1"/>
            <components>
                <component index="1" bit_depth="16"/>
                <component index="2" bit_depth="16"/>
                <component index="3" bit_depth="16"/>
                <component index="4" bit_depth="16"/>
            </components>
        </pixel_format>
        <pixel_format name="videotoolbox_vld" nb_components="0">
            <flags big_endian="0" palette="0" bitstream="0" hwaccel="1" planar="0" rgb="0" pseudopal="0" alpha="0"/>
        </pixel_format>
        <pixel_format name="p010le" nb_components="3" log2_chroma_w="1" log2_chroma_h="1" bits_per_pixel="15">
            <flags big_endian="0" palette="0" bitstream="0" hwaccel="0" planar="1" rgb="0" pseudopal="0" alpha="0"/>
            <components>
                <component index="1" bit_depth="10"/>
                <component index="2" bit_depth="10"/>
                <component index="3" bit_depth="10"/>
            </components>
        </pixel_format>
        <pixel_format name="p010be" nb_components="3" log2_chroma_w="1" log2_chroma_h="1" bits_per_pixel="15">
            <flags big_endian="1" palette="0" bitstream="0" hwaccel="0" planar="1" rgb="0" pseudopal="0" alpha="0"/>
            <components>
                <component index="1" bit_depth="10"/>
                <component index="2" bit_depth="10"/>
                <component index="3" bit_depth="10"/>
            </components>
        </pixel_format>
        <pixel_format name="gbrap12be" nb_components="4" bits_per_pixel="48">
            <flags big_endian="1" palette="0" bitstream="0" hwaccel="0" planar="1" rgb="1" pseudopal="0" alpha="1"/>
            <components>
                <component index="1" bit_depth="12"/>
                <component index="2" bit_depth="12"/>
                <component index="3" bit_depth="12"/>
                <component index="4" bit_depth="12"/>
            </components>
        </pixel_format>
        <pixel_format name="gbrap12le" nb_components="4" bits_per_pixel="48">
            <flags big_endian="0" palette="0" bitstream="0" hwaccel="0" planar="1" rgb="1" pseudopal="0" alpha="1"/>
            <components>
                <component index="1" bit_depth="12"/>
                <component index="2" bit_depth="12"/>
                <component index="3" bit_depth="12"/>
                <component index="4" bit_depth="12"/>
            </components>
        </pixel_format>
        <pixel_format name="gbrap10be" nb_components="4" bits_per_pixel="40">
            <flags big_endian="1" palette="0" bitstream="0" hwaccel="0" planar="1" rgb="1" pseudopal="0" alpha="1"/>
            <components>
                <component index="1" bit_depth="10"/>
                <component index="2" bit_depth="10"/>
                <component index="3" bit_depth="10"/>
                <component index="4" bit_depth="10"/>
            </components>
        </pixel_format>
        <pixel_format name="gbrap10le" nb_components="4" bits_per_pixel="40">
            <flags big_endian="0" palette="0" bitstream="0" hwaccel="0" planar="1" rgb="1" pseudopal="0" alpha="1"/>
            <components>
                <component index="1" bit_depth="10"/>
                <component index="2" bit_depth="10"/>
                <component index="3" bit_depth="10"/>
                <component index="4" bit_depth="10"/>
            </components>
        </pixel_format>
        <pixel_format name="mediacodec" nb_components="0">
            <flags big_endian="0" palette="0" bitstream="0" hwaccel="1" planar="0" rgb="0" pseudopal="0" alpha="0"/>
        </pixel_format>
        <pixel_format name="gray12be" nb_components="1" bits_per_pixel="12">
            <flags big_endian="1" palette="0" bitstream="0" hwaccel="0" planar="0" rgb="0" pseudopal="0" alpha="0"/>
            <components>
                <component index="1" bit_depth="12"/>
            </components>
        </pixel_format>
        <pixel_format name="gray12le" nb_components="1" bits_per_pixel="12">
            <flags big_endian="0" palette="0" bitstream="0" hwaccel="0" planar="0" rgb="0" pseudopal="0" alpha="0"/>
            <components>
                <component index="1" bit_depth="12"/>
            </components>
        </pixel_format>
        <pixel_format name="gray10be" nb_components="1" bits_per_pixel="10">
            <flags big_endian="1" palette="0" bitstream="0" hwaccel="0" planar="0" rgb="0" pseudopal="0" alpha="0"/>
            <components>
                <component index="1" bit_depth="10"/>
            </components>
        </pixel_format>
        <pixel_format name="gray10le" nb_components="1" bits_per_pixel="10">
            <flags big_endian="0" palette="0" bitstream="0" hwaccel="0" planar="0" rgb="0" pseudopal="0" alpha="0"/>
            <components>
                <component index="1" bit_depth="10"/>
            </components>
        </pixel_format>
        <pixel_format name="p016le" nb_components="3" log2_chroma_w="1" log2_chroma_h="1" bits_per_pixel="24">
            <flags big_endian="0" palette="0" bitstream="0" hwaccel="0" planar="1" rgb="0" pseudopal="0" alpha="0"/>
            <components>
                <component index="1" bit_depth="16"/>
                <component index="2" bit_depth="16"/>
                <component index="3" bit_depth="16"/>
            </components>
        </pixel_format>
        <pixel_format name="p016be" nb_components="3" log2_chroma_w="1" log2_chroma_h="1" bits_per_pixel="24">
            <flags big_endian="1" palette="0" bitstream="0" hwaccel="0" planar="1" rgb="0" pseudopal="0" alpha="0"/>
            <components>
                <component index="1" bit_depth="16"/>
                <component index="2" bit_depth="16"/>
                <component index="3" bit_depth="16"/>
            </components>
        </pixel_format>
        <pixel_format name="d3d11" nb_components="0">
            <flags big_endian="0" palette="0" bitstream="0" hwaccel="1" planar="0" rgb="0" pseudopal="0" alpha="0"/>
        </pixel_format>
        <pixel_format name="gray9be" nb_components="1" bits_per_pixel="9">
            <flags big_endian="1" palette="0" bitstream="0" hwaccel="0" planar="0" rgb="0" pseudopal="0" alpha="0"/>
            <components>
                <component index="1" bit_depth="9"/>
            </components>
        </pixel_format>
        <pixel_format name="gray9le" nb_components="1" bits_per_pixel="9">
            <flags big_endian="0" palette="0" bitstream="0" hwaccel="0" planar="0" rgb="0" pseudopal="0" alpha="0"/>
            <components>
                <component index="1" bit_depth="9"/>
            </components>
        </pixel_format>
        <pixel_format name="gbrpf32be" nb_components="3" bits_per_pixel="96">
            <flags big_endian="1" palette="0" bitstream="0" hwaccel="0" planar="1" rgb="1" pseudopal="0" alpha="0"/>
            <components>
                <component index="1" bit_depth="32"/>
                <component index="2" bit_depth="32"/>
                <component index="3" bit_depth="32"/>
            </components>
        </pixel_format>
        <pixel_format name="gbrpf32le" nb_components="3" bits_per_pixel="96">
            <flags big_endian="0" palette="0" bitstream="0" hwaccel="0" planar="1" rgb="1" pseudopal="0" alpha="0"/>
            <components>
                <component index="1" bit_depth="32"/>
                <component index="2" bit_depth="32"/>
                <component index="3" bit_depth="32"/>
            </components>
        </pixel_format>
        <pixel_format name="gbrapf32be" nb_components="4" bits_per_pixel="128">
            <flags big_endian="1" palette="0" bitstream="0" hwaccel="0" planar="1" rgb="1" pseudopal="0" alpha="1"/>
            <components>
                <component index="1" bit_depth="32"/>
                <component index="2" bit_depth="32"/>
                <component index="3" bit_depth="32"/>
                <component index="4" bit_depth="32"/>
            </components>
        </pixel_format>
        <pixel_format name="gbrapf32le" nb_components="4" bits_per_pixel="128">
            <flags big_endian="0" palette="0" bitstream="0" hwaccel="0" planar="1" rgb="1" pseudopal="0" alpha="1"/>
            <components>
                <component index="1" bit_depth="32"/>
                <component index="2" bit_depth="32"/>
                <component index="3" bit_depth="32"/>
                <component index="4" bit_depth="32"/>
            </components>
        </pixel_format>
        <pixel_format name="drm_prime" nb_components="0">
            <flags big_endian="0" palette="0" bitstream="0" hwaccel="1" planar="0" rgb="0" pseudopal="0" alpha="0"/>
        </pixel_format>
        <pixel_format name="opencl" nb_components="0">
            <flags big_endian="0" palette="0" bitstream="0" hwaccel="1" planar="0" rgb="0" pseudopal="0" alpha="0"/>
        </pixel_format>
        <pixel_format name="gray14be" nb_components="1" bits_per_pixel="14">
            <flags big_endian="1" palette="0" bitstream="0" hwaccel="0" planar="0" rgb="0" pseudopal="0" alpha="0"/>
            <components>
                <component index="1" bit_depth="14"/>
            </components>
        </pixel_format>
        <pixel_format name="gray14le" nb_components="1" bits_per_pixel="14">
            <flags big_endian="0" palette="0" bitstream="0" hwaccel="0" planar="0" rgb="0" pseudopal="0" alpha="0"/>
            <components>
                <component index="1" bit_depth="14"/>
            </components>
        </pixel_format>
        <pixel_format name="grayf32be" nb_components="1" bits_per_pixel="32">
            <flags big_endian="1" palette="0" bitstream="0" hwaccel="0" planar="0" rgb="0" pseudopal="0" alpha="0"/>
            <components>
                <component index="1" bit_depth="32"/>
            </components>
        </pixel_format>
        <pixel_format name="grayf32le" nb_components="1" bits_per_pixel="32">
            <flags big_endian="0" palette="0" bitstream="0" hwaccel="0" planar="0" rgb="0" pseudopal="0" alpha="0"/>
            <components>
                <component index="1" bit_depth="32"/>
            </components>
        </pixel_format>
    </pixel_formats>

    <programs>
        <program program_id="1" program_num="1" nb_streams="2" pmt_pid="4096" pcr_pid="256" start_pts="1429978" start_time="1.429978" end_pts="6440000" end_time="6.440000">
            <tag key="service_name" value="Demo render"/>
            <tag key="service_provider" value="Media ex Machina"/>
            <streams>
                <stream index="0" codec_name="mpeg2video" codec_long_name="MPEG-2 video" profile="Main" codec_type="video" codec_time_base="1/25" codec_tag_string="[2][0][0][0]" codec_tag="0x0002" width="352" height="288" coded_width="0" coded_height="0" has_b_frames="1" sample_aspect_ratio="1:1" display_aspect_ratio="11:9" pix_fmt="yuv420p" level="8" color_range="tv" chroma_location="left" field_order="progressive" refs="1" id="0x100" r_frame_rate="25/1" avg_frame_rate="25/1" time_base="1/90000" start_pts="129600" start_time="1.440000" duration_ts="450000" duration="5.000000">
                    <disposition default="0" dub="0" original="0" comment="0" lyrics="0" karaoke="0" forced="0" hearing_impaired="0" visual_impaired="0" clean_effects="0" attached_pic="0" timed_thumbnails="0"/>
                </stream>
                <stream index="1" codec_name="mp2" codec_long_name="MP2 (MPEG audio layer 2)" codec_type="audio" codec_time_base="1/48000" codec_tag_string="[3][0][0][0]" codec_tag="0x0003" sample_fmt="fltp" sample_rate="48000" channels="2" channel_layout="stereo" bits_per_sample="0" id="0x101" r_frame_rate="0/0" avg_frame_rate="0/0" time_base="1/90000" start_pts="128698" start_time="1.429978" duration_ts="449280" duration="4.992000" bit_rate="256000">
                    <disposition default="0" dub="0" original="0" comment="0" lyrics="0" karaoke="0" forced="0" hearing_impaired="0" visual_impaired="0" clean_effects="0" attached_pic="0" timed_thumbnails="0"/>
                </stream>
            </streams>
        </program>
    </programs>

    <streams>
        <stream index="0" codec_name="mpeg2video" codec_long_name="MPEG-2 video" profile="Main" codec_type="video" codec_time_base="1/25" codec_tag_string="[2][0][0][0]" codec_tag="0x0002" width="352" height="288" coded_width="0" coded_height="0" has_b_frames="1" sample_aspect_ratio="1:1" display_aspect_ratio="11:9" pix_fmt="yuv420p" level="8" color_range="tv" chroma_location="left" field_order="progressive" refs="1" id="0x100" r_frame_rate="25/1" avg_frame_rate="25/1" time_base="1/90000" start_pts="129600" start_time="1.440000" duration_ts="450000" duration="5.000000">
            <disposition default="0" dub="0" original="0" comment="0" lyrics="0" karaoke="0" forced="0" hearing_impaired="0" visual_impaired="0" clean_effects="0" attached_pic="0" timed_thumbnails="0"/>
        </stream>
        <stream index="1" codec_name="mp2" codec_long_name="MP2 (MPEG audio layer 2)" codec_type="audio" codec_time_base="1/48000" codec_tag_string="[3][0][0][0]" codec_tag="0x0003" sample_fmt="fltp" sample_rate="48000" channels="2" channel_layout="stereo" bits_per_sample="0" id="0x101" r_frame_rate="0/0" avg_frame_rate="0/0" time_base="1/90000" start_pts="128698" start_time="1.429978" duration_ts="449280" duration="4.992000" bit_rate="256000">
            <disposition default="0" dub="0" original="0" comment="0" lyrics="0" karaoke="0" forced="0" hearing_impaired="0" visual_impaired="0" clean_effects="0" attached_pic="0" timed_thumbnails="0"/>
        </stream>
    </streams>

    <chapters>
    </chapters>

    <format filename="../.demo-media-files/test-mpeg2.ts" nb_streams="2" nb_programs="1" format_name="mpegts" format_long_name="MPEG-TS (MPEG-2 Transport Stream)" start_time="1.429978" duration="5.010022" size="2680504" bit_rate="4280227" probe_score="50"/>
</ffprobe>
