<?xml version="1.0" encoding="UTF-8"?>
<ffprobe>
    <program_version version="14.1.0-4-g974c4f3" copyright="Copyright (c) 2007-2023 the FFmpeg developers" compiler_ident="gcc 11 (Ubuntu 11.4.0-1ubuntu1~22.04)" configuration="--disable-ffmpeg --disable-ffplay"/>

    <library_versions>
        <library_version name="libavutil" major="57" minor="28" micro="100" version="3742820" ident="Lavu57.28.100"/>
        <library_version name="libavcodec" major="59" minor="37" micro="100" version="3876196" ident="Lavc59.37.100"/>
        <library_version name="libavformat" major="59" minor="27" micro="100" version="3873636" ident="Lavf59.27.100"/>
        <library_version name="libavdevice" major="59" minor="7" micro="100" version="3868516" ident="Lavd59.7.100"/>
        <library_version name="libavfilter" major="8" minor="44" micro="100" version="535652" ident="Lavfi8.44.100"/>
        <library_version name="libswscale" major="6" minor="7" micro="100" version="395108" ident="SwS6.7.100"/>
        <library_version name="libswresample" major="4" minor="7" micro="100" version="264036" ident="SwR4.7.100"/>
    </library_versions>

    <pixel_formats>
        <pixel_format name="yuv420p" nb_components="3" log2_chroma_w="1" log2_chroma_h="1" bits_per_pixel="12">
            <flags big_endian="0" palette="0" bitstream="0" hwaccel="0" planar="1" rgb="0" alpha="0"/>
            <components>
                <component index="1" bit_depth="8"/>
                <component index="2" bit_depth="8"/>
                <component index="3" bit_depth="8"/>
            </components>
        </pixel_format>
        <pixel_format name="yuyv422" nb_components="3" log2_chroma_w="1" log2_chroma_h="0" bits_per_pixel="16">
            <flags big_endian="0" palette="0" bitstream="0" hwaccel="0" planar="0" rgb="0" alpha="0"/>
            <components>
                <component index="1" bit_depth="8"/>
                <component index="2" bit_depth="8"/>
                <component index="3" bit_depth="8"/>
            </components>
        </pixel_format>
        <pixel_format name="rgb24" nb_components="3" bits_per_pixel="24">
            <flags big_endian="0" palette="0" bitstream="0" hwaccel="0" planar="0" rgb="1" alpha="0"/>
            <components>
                <component index="1" bit_depth="8"/>
                <component index="2" bit_depth="8"/>
                <component index="3" bit_depth="8"/>
            </components>
        </pixel_format>
        <pixel_format name="bgr24" nb_components="3" bits_per_pixel="24">
            <flags big_endian="0" palette="0" bitstream="0" hwaccel="0" planar="0" rgb="1" alpha="0"/>
            <components>
                <component index="1" bit_depth="8"/>
                <component index="2" bit_depth="8"/>
                <component index="3" bit_depth="8"/>
            </components>
        </pixel_format>
        <pixel_format name="yuv422p" nb_components="3" log2_chroma_w="1" log2_chroma_h="0" bits_per_pixel="16">
            <flags big_endian="0" palette="0" bitstream="0" hwaccel="0" planar="1" rgb="0" alpha="0"/>
            <components>
                <component index="1" bit_depth="8"/>
                <component index="2" bit_depth="8"/>
                <component index="3" bit_depth="8"/>
            </components>
        </pixel_format>
        <pixel_format name="yuv444p" nb_components="3" log2_chroma_w="0" log2_chroma_h="0" bits_per_pixel="24">
            <flags big_endian="0" palette="0" bitstream="0" hwaccel="0" planar="1" rgb="0" alpha="0"/>
            <components>
                <component index="1" bit_depth="8"/>
                <component index="2" bit_depth="8"/>
                <component index="3" bit_depth="8"/>
            </components>
        </pixel_format>
        <pixel_format name="yuv410p" nb_components="3" log2_chroma_w="2" log2_chroma_h="2" bits_per_pixel="9">
            <flags big_endian="0" palette="0" bitstream="0" hwaccel="0" planar="1" rgb="0" alpha="0"/>
            <components>
                <component index="1" bit_depth="8"/>
                <component index="2" bit_depth="8"/>
                <component index="3" bit_depth="8"/>
            </components>
        </pixel_format>
        <pixel_format name="yuv411p" nb_components="3" log2_chroma_w="2" log2_chroma_h="0" bits_per_pixel="12">
            <flags big_endian="0" palette="0" bitstream="0" hwaccel="0" planar="1" rgb="0" alpha="0"/>
            <components>
                <component index="1" bit_depth="8"/>
                <component index="2" bit_depth="8"/>
                <component index="3" bit_depth="8"/>
            </components>
        </pixel_format>
        <pixel_format name="gray" nb_components="1" bits_per_pixel="8">
            <flags big_endian="0" palette="0" bitstream="0" hwaccel="0" planar="0" rgb="0" alpha="0"/>
            <components>
                <component index="1" bit_depth="8"/>
            </components>
        </pixel_format>
        <pixel_format name="monow" nb_components="1" bits_per_pixel="1">
            <flags big_endian="0" palette="0" bitstream="1" hwaccel="0" planar="0" rgb="0" alpha="0"/>
            <components>
                <component index="1" bit_depth="1"/>
            </components>
        </pixel_format>
        <pixel_format name="monob" nb_components="1" bits_per_pixel="1">
            <flags big_endian="0" palette="0" bitstream="1" hwaccel="0" planar="0" rgb="0" alpha="0"/>
            <components>
                <component index="1" bit_depth="1"/>
            </components>
        </pixel_format>
        <pixel_format name="pal8" nb_components="1" bits_per_pixel="8">
            <flags big_endian="0" palette="1" bitstream="0" hwaccel="0" planar="0" rgb="0" alpha="1"/>
            <components>
                <component index="1" bit_depth="8"/>
            </components>
        </pixel_format>
        <pixel_format name="yuvj420p" nb_components="3" log2_chroma_w="1" log2_chroma_h="1" bits_per_pixel="12">
            <flags big_endian="0" palette="0" bitstream="0" hwaccel="0" planar="1" rgb="0" alpha="0"/>
            <components>
                <component index="1" bit_depth="8"/>
                <component index="2" bit_depth="8"/>
                <component index="3" bit_depth="8"/>
            </components>
        </pixel_format>
        <pixel_format name="yuvj422p" nb_components="3" log2_chroma_w="1" log2_chroma_h="0" bits_per_pixel="16">
            <flags big_endian="0" palette="0" bitstream="0" hwaccel="0" planar="1" rgb="0" alpha="0"/>
            <components>
                <component index="1" bit_depth="8"/>
                <component index="2" bit_depth="8"/>
                <component index="3" bit_depth="8"/>
            </components>
        </pixel_format>
        <pixel_format name="yuvj444p" nb_components="3" log2_chroma_w="0" log2_chroma_h="0" bits_per_pixel="24">
            <flags big_endian="0" palette="0" bitstream="0" hwaccel="0" planar="1" rgb="0" alpha="0"/>
            <components>
                <component index="1" bit_depth="8"/>
                <component index="2" bit_depth="8"/>
                <component index="3" bit_depth="8"/>
            </components>
        </pixel_format>
        <pixel_format name="uyvy422" nb_components="3" log2_chroma_w="1" log2_chroma_h="0" bits_per_pixel="16">
            <flags big_endian="0" palette="0" bitstream="0" hwaccel="0" planar="0" rgb="0" alpha="0"/>
            <components>
                <component index="1" bit_depth="8"/>
                <component index="2" bit_depth="8"/>
                <component index="3" bit_depth="8"/>
            </components>
        </pixel_format>
        <pixel_format name="uyyvyy411" nb_components="3" log2_chroma_w="2" log2_chroma_h="0" bits_per_pixel="12">
            <flags big_endian="0" palette="0" bitstream="0" hwaccel="0" planar="0" rgb="0" alpha="0"/>
            <components>
                <component index="1" bit_depth="8"/>
                <component index="2" bit_depth="8"/>
                <component index="3" bit_depth="8"/>
            </components>
        </pixel_format>
        <pixel_format name="bgr8" nb_components="3" bits_per_pixel="8">
            <flags big_endian="0" palette="0" bitstream="0" hwaccel="0" planar="0" rgb="1" alpha="0"/>
            <components>
                <component index="1" bit_depth="3"/>
                <component index="2" bit_depth="3"/>
                <component index="3" bit_depth="2"/>
            </components>
        </pixel_format>
        <pixel_format name="bgr4" nb_components="3" bits_per_pixel="4">
            <flags big_endian="0" palette="0" bitstream="1" hwaccel="0" planar="0" rgb="1" alpha="0"/>
            <components>
                <component index="1" bit_depth="1"/>
                <component index="2" bit_depth="2"/>
                <component index="3" bit_depth="1"/>
            </components>
        </pixel_format>
        <pixel_format name="bgr4_byte" nb_components="3" bits_per_pixel="4">
            <flags big_endian="0" palette="0" bitstream="0" hwaccel="0" planar="0" rgb="1" alpha="0"/>
            <components>
                <component index="1" bit_depth="1"/>
                <component index="2" bit_depth="2"/>
                <component index="3" bit_depth="1"/>
            </components>
        </pixel_format>
        <pixel_format name="rgb8" nb_components="3" bits_per_pixel="8">
            <flags big_endian="0" palette="0" bitstream="0" hwaccel="0" planar="0" rgb="1" alpha="0"/>
            <components>
                <component index="1" bit_depth="2"/>
                <component index="2" bit_depth="3"/>
                <component index="3" bit_depth="3"/>
            </components>
        </pixel_format>
        <pixel_format name="rgb4" nb_components="3" bits_per_pixel="4">
            <flags big_endian="0" palette="0" bitstream="1" hwaccel="0" planar="0" rgb="1" alpha="0"/>
            <components>
                <component index="1" bit_depth="1"/>
                <component index="2" bit_depth="2"/>
                <component index="3" bit_depth="1"/>
            </components>
        </pixel_format>
        <pixel_format name="rgb4_byte" nb_components="3" bits_per_pixel="4">
            <flags big_endian="0" palette="0" bitstream="0" hwaccel="0" planar="0" rgb="1" alpha="0"/>
            <components>
                <component index="1" bit_depth="1"/>
                <component index="2" bit_depth="2"/>
                <component index="3" bit_depth="1"/>
            </components>
        </pixel_format>
        <pixel_format name="nv12" nb_components="3" log2_chroma_w="1" log2_chroma_h="1" bits_per_pixel="12">
            <flags big_endian="0" palette="0" bitstream="0" hwaccel="0" planar="1" rgb="0" alpha="0"/>
            <components>
                <component index="1" bit_depth="8"/>
                <component index="2" bit_depth="8"/>
                <component index="3" bit_depth="8"/>
            </components>
        </pixel_format>
        <pixel_format name="nv21" nb_components="3" log2_chroma_w="1" log2_chroma_h="1" bits_per_pixel="12">
            <flags big_endian="0" palette="0" bitstream="0" hwaccel="0" planar="1" rgb="0" alpha="0"/>
            <components>
                <component index="1" bit_depth="8"/>
                <component index="2" bit_depth="8"/>
                <component index="3" bit_depth="8"/>
            </components>
        </pixel_format>
        <pixel_format name="argb" nb_components="4" bits_per_pixel="32">
            <flags big_endian="0" palette="0" bitstream="0" hwaccel="0" planar="0" rgb="1" alpha="1"/>
            <components>
                <component index="1" bit_depth="8"/>
                <component index="2" bit_depth="8"/>
                <component index="3" bit_depth="8"/>
                <component index="4" bit_depth="8"/>
            </components>
        </pixel_format>
        <pixel_format name="rgba" nb_components="4" bits_per_pixel="32">
            <flags big_endian="0" palette="0" bitstream="0" hwaccel="0" planar="0" rgb="1" alpha="1"/>
            <components>
                <component index="1" bit_depth="8"/>
                <component index="2" bit_depth="8"/>
                <component index="3" bit_depth="8"/>
                <component index="4" bit_depth="8"/>
            </components>
        </pixel_format>
        <pixel_format name="abgr" nb_components="4" bits_per_pixel="32">
            <flags big_endian="0" palette="0" bitstream="0" hwaccel="0" planar="0" rgb="1" alpha="1"/>
            <components>
                <component index="1" bit_depth="8"/>
                <component index="2" bit_depth="8"/>
                <component index="3" bit_depth="8"/>
                <component index="4" bit_depth="8"/>
            </components>
        </pixel_format>
        <pixel_format name="bgra" nb_components="4" bits_per_pixel="32">
            <flags big_endian="0" palette="0" bitstream="0" hwaccel="0" planar="0" rgb="1" alpha="1"/>
            <components>
                <component index="1" bit_depth="8"/>
                <component index="2" bit_depth="8"/>
                <component index="3" bit_depth="8"/>
                <component index="4" bit_depth="8"/>
            </components>
        </pixel_format>
        <pixel_format name="gray16be" nb_components="1" bits_per_pixel="16">
            <flags big_endian="1" palette="0" bitstream="0" hwaccel="0" planar="0" rgb="0" alpha="0"/>
            <components>
                <component index="1" bit_depth="16"/>
            </components>
        </pixel_format>
        <pixel_format name="gray16le" nb_components="1" bits_per_pixel="16">
            <flags big_endian="0" palette="0" bitstream="0" hwaccel="0" planar="0" rgb="0" alpha="0"/>
            <components>
                <component index="1" bit_depth="16"/>
            </components>
        </pixel_format>
        <pixel_format name="yuv440p" nb_components="3" log2_chroma_w="0" log2_chroma_h="1" bits_per_pixel="16">
            <flags big_endian="0" palette="0" bitstream="0" hwaccel="0" planar="1" rgb="0" alpha="0"/>
            <components>
                <component index="1" bit_depth="8"/>
                <component index="2" bit_depth="8"/>
                <component index="3" bit_depth="8"/>
            </components>
        </pixel_format>
        <pixel_format name="yuvj440p" nb_components="3" log2_chroma_w="0" log2_chroma_h="1" bits_per_pixel="16">
            <flags big_endian="0" palette="0" bitstream="0" hwaccel="0" planar="1" rgb="0" alpha="0"/>
            <components>
                <component index="1" bit_depth="8"/>
                <component index="2" bit_depth="8"/>
                <component index="3" bit_depth="8"/>
            </components>
        </pixel_format>
        <pixel_format name="yuva420p" nb_components="4" log2_chroma_w="1" log2_chroma_h="1" bits_per_pixel="20">
            <flags big_endian="0" palette="0" bitstream="0" hwaccel="0" planar="1" rgb="0" alpha="1"/>
            <components>
                <component index="1" bit_depth="8"/>
                <component index="2" bit_depth="8"/>
                <component index="3" bit_depth="8"/>
                <component index="4" bit_depth="8"/>
            </components>
        </pixel_format>
        <pixel_format name="rgb48be" nb_components="3" bits_per_pixel="48">
            <flags big_endian="1" palette="0" bitstream="0" hwaccel="0" planar="0" rgb="1" alpha="0"/>
            <components>
                <component index="1" bit_depth="16"/>
                <component index="2" bit_depth="16"/>
                <component index="3" bit_depth="16"/>
            </components>
        </pixel_format>
        <pixel_format name="rgb48le" nb_components="3" bits_per_pixel="48">
            <flags big_endian="0" palette="0" bitstream="0" hwaccel="0" planar="0" rgb="1" alpha="0"/>
            <components>
                <component index="1" bit_depth="16"/>
                <component index="2" bit_depth="16"/>
                <component index="3" bit_depth="16"/>
            </components>
        </pixel_format>
        <pixel_format name="rgb565be" nb_components="3" bits_per_pixel="16">
            <flags big_endian="1" palette="0" bitstream="0" hwaccel="0" planar="0" rgb="1" alpha="0"/>
            <components>
                <component index="1" bit_depth="5"/>
                <component index="2" bit_depth="6"/>
                <component index="3" bit_depth="5"/>
            </components>
        </pixel_format>
        <pixel_format name="rgb565le" nb_components="3" bits_per_pixel="16">
            <flags big_endian="0" palette="0" bitstream="0" hwaccel="0" planar="0" rgb="1" alpha="0"/>
            <components>
                <component index="1" bit_depth="5"/>
                <component index="2" bit_depth="6"/>
                <component index="3" bit_depth="5"/>
            </components>
        </pixel_format>
        <pixel_format name="rgb555be" nb_components="3" bits_per_pixel="15">
            <flags big_endian="1" palette="0" bitstream="0" hwaccel="0" planar="0" rgb="1" alpha="0"/>
            <components>
                <component index="1" bit_depth="5"/>
                <component index="2" bit_depth="5"/>
                <component index="3" bit_depth="5"/>
            </components>
        </pixel_format>
        <pixel_format name="rgb555le" nb_components="3" bits_per_pixel="15">
            <flags big_endian="0" palette="0" bitstream="0" hwaccel="0" planar="0" rgb="1" alpha="0"/>
            <components>
                <component index="1" bit_depth="5"/>
                <component index="2" bit_depth="5"/>
                <component index="3" bit_depth="5"/>
            </components>
        </pixel_format>
        <pixel_format name="bgr565be" nb_components="3" bits_per_pixel="16">
            <flags big_endian="1" palette="0" bitstream="0" hwaccel="0" planar="0" rgb="1" alpha="0"/>
            <components>
                <component index="1" bit_depth="5"/>
                <component index="2" bit_depth="6"/>
                <component index="3" bit_depth="5"/>
            </components>
        </pixel_format>
        <pixel_format name="bgr565le" nb_components="3" bits_per_pixel="16">
            <flags big_endian="0" palette="0" bitstream="0" hwaccel="0" planar="0" rgb="1" alpha="0"/>
            <components>
                <component index="1" bit_depth="5"/>
                <component index="2" bit_depth="6"/>
                <component index="3" bit_depth="5"/>
            </components>
        </pixel_format>
        <pixel_format name="bgr555be" nb_components="3" bits_per_pixel="15">
            <flags big_endian="1" palette="0" bitstream="0" hwaccel="0" planar="0" rgb="1" alpha="0"/>
            <components>
                <component index="1" bit_depth="5"/>
                <component index="2" bit_depth="5"/>
                <component index="3" bit_depth="5"/>
            </components>
        </pixel_format>
        <pixel_format name="bgr555le" nb_components="3" bits_per_pixel="15">
            <flags big_endian="0" palette="0" bitstream="0" hwaccel="0" planar="0" rgb="1" alpha="0"/>
            <components>
                <component index="1" bit_depth="5"/>
                <component index="2" bit_depth="5"/>
                <component index="3" bit_depth="5"/>
            </components>
        </pixel_format>
        <pixel_format name="vaapi" nb_components="0">
            <flags big_endian="0" palette="0" bitstream="0" hwaccel="1" planar="0" rgb="0" alpha="0"/>
        </pixel_format>
        <pixel_format name="yuv420p16le" nb_components="3" log2_chroma_w="1" log2_chroma_h="1" bits_per_pixel="24">
            <flags big_endian="0" palette="0" bitstream="0" hwaccel="0" planar="1" rgb="0" alpha="0"/>
            <components>
                <component index="1" bit_depth="16"/>
                <component index="2" bit_depth="16"/>
                <component index="3" bit_depth="16"/>
            </components>
        </pixel_format>
        <pixel_format name="yuv420p16be" nb_components="3" log2_chroma_w="1" log2_chroma_h="1" bits_per_pixel="24">
            <flags big_endian="1" palette="0" bitstream="0" hwaccel="0" planar="1" rgb="0" alpha="0"/>
            <components>
                <component index="1" bit_depth="16"/>
                <component index="2" bit_depth="16"/>
                <component index="3" bit_depth="16"/>
            </components>
        </pixel_format>
        <pixel_format name="yuv422p16le" nb_components="3" log2_chroma_w="1" log2_chroma_h="0" bits_per_pixel="32">
            <flags big_endian="0" palette="0" bitstream="0" hwaccel="0" planar="1" rgb="0" alpha="0"/>
            <components>
                <component index="1" bit_depth="16"/>
                <component index="2" bit_depth="16"/>
                <component index="3" bit_depth="16"/>
            </components>
        </pixel_format>
        <pixel_format name="yuv422p16be" nb_components="3" log2_chroma_w="1" log2_chroma_h="0" bits_per_pixel="32">
            <flags big_endian="1" palette="0" bitstream="0" hwaccel="0" planar="1" rgb="0" alpha="0"/>
            <components>
                <component index="1" bit_depth="16"/>
                <component index="2" bit_depth="16"/>
                <component index="3" bit_depth="16"/>
            </components>
        </pixel_format>
        <pixel_format name="yuv444p16le" nb_components="3" log2_chroma_w="0" log2_chroma_h="0" bits_per_pixel="48">
            <flags big_endian="0" palette="0" bitstream="0" hwaccel="0" planar="1" rgb="0" alpha="0"/>
            <components>
                <component index="1" bit_depth="16"/>
                <component index="2" bit_depth="16"/>
                <component index="3" bit_depth="16"/>
            </components>
        </pixel_format>
        <pixel_format name="yuv444p16be" nb_components="3" log2_chroma_w="0" log2_chroma_h="0" bits_per_pixel="48">
            <flags big_endian="1" palette="0" bitstream="0" hwaccel="0" planar="1" rgb="0" alpha="0"/>
            <components>
                <component index="1" bit_depth="16"/>
                <component index="2" bit_depth="16"/>
                <component index="3" bit_depth="16"/>
            </components>
        </pixel_format>
        <pixel_format name="dxva2_vld" nb_components="0">
            <flags big_endian="0" palette="0" bitstream="0" hwaccel="1" planar="0" rgb="0" alpha="0"/>
        </pixel_format>
        <pixel_format name="rgb444le" nb_components="3" bits_per_pixel="12">
            <flags big_endian="0" palette="0" bitstream="0" hwaccel="0" planar="0" rgb="1" alpha="0"/>
            <components>
                <component index="1" bit_depth="4"/>
                <component index="2" bit_depth="4"/>
                <component index="3" bit_depth="4"/>
            </components>
        </pixel_format>
        <pixel_format name="rgb444be" nb_components="3" bits_per_pixel="12">
            <flags big_endian="1" palette="0" bitstream="0" hwaccel="0" planar="0" rgb="1" alpha="0"/>
            <components>
                <component index="1" bit_depth="4"/>
                <component index="2" bit_depth="4"/>
                <component index="3" bit_depth="4"/>
            </components>
        </pixel_format>
        <pixel_format name="bgr444le" nb_components="3" bits_per_pixel="12">
            <flags big_endian="0" palette="0" bitstream="0" hwaccel="0" planar="0" rgb="1" alpha="0"/>
            <components>
                <component index="1" bit_depth="4"/>
                <component index="2" bit_depth="4"/>
                <component index="3" bit_depth="4"/>
            </components>
        </pixel_format>
        <pixel_format name="bgr444be" nb_components="3" bits_per_pixel="12">
            <flags big_endian="1" palette="0" bitstream="0" hwaccel="0" planar="0" rgb="1" alpha="0"/>
            <components>
                <component index="1" bit_depth="4"/>
                <component index="2" bit_depth="4"/>
                <component index="3" bit_depth="4"/>
            </components>
        </pixel_format>
        <pixel_format name="ya8" nb_components="2" bits_per_pixel="16">
            <flags big_endian="0" palette="0" bitstream="0" hwaccel="0" planar="0" rgb="0" alpha="1"/>
            <components>
                <component index="1" bit_depth="8"/>
                <component index="2" bit_depth="8"/>
            </components>
        </pixel_format>
        <pixel_format name="bgr48be" nb_components="3" bits_per_pixel="48">
            <flags big_endian="1" palette="0" bitstream="0" hwaccel="0" planar="0" rgb="1" alpha="0"/>
            <components>
                <component index="1" bit_depth="16"/>
                <component index="2" bit_depth="16"/>
                <component index="3" bit_depth="16"/>
            </components>
        </pixel_format>
        <pixel_format name="bgr48le" nb_components="3" bits_per_pixel="48">
            <flags big_endian="0" palette="0" bitstream="0" hwaccel="0" planar="0" rgb="1" alpha="0"/>
            <components>
                <component index="1" bit_depth="16"/>
                <component index="2" bit_depth="16"/>
                <component index="3" bit_depth="16"/>
            </components>
        </pixel_format>
        <pixel_format name="yuv420p9be" nb_components="3" log2_chroma_w="1" log2_chroma_h="1" bits_per_pixel="13">
            <flags big_endian="1" palette="0" bitstream="0" hwaccel="0" planar="1" rgb="0" alpha="0"/>
            <components>
                <component index="1" bit_depth="9"/>
                <component index="2" bit_depth="9"/>
                <component index="3" bit_depth="9"/>
            </components>
        </pixel_format>
        <pixel_format name="yuv420p9le" nb_components="3" log2_chroma_w="1" log2_chroma_h="1" bits_per_pixel="13">
            <flags big_endian="0" palette="0" bitstream="0" hwaccel="0" planar="1" rgb="0" alpha="0"/>
            <components>
                <component index="1" bit_depth="9"/>
                <component index="2" bit_depth="9"/>
                <component index="3" bit_depth="9"/>
            </components>
        </pixel_format>
        <pixel_format name="yuv420p10be" nb_components="3" log2_chroma_w="1" log2_chroma_h="1" bits_per_pixel="15">
            <flags big_endian="1" palette="0" bitstream="0" hwaccel="0" planar="1" rgb="0" alpha="0"/>
            <components>
                <component index="1" bit_depth="10"/>
                <component index="2" bit_depth="10"/>
                <component index="3" bit_depth="10"/>
            </components>
        </pixel_format>
        <pixel_format name="yuv420p10le" nb_components="3" log2_chroma_w="1" log2_chroma_h="1" bits_per_pixel="15">
            <flags big_endian="0" palette="0" bitstream="0" hwaccel="0" planar="1" rgb="0" alpha="0"/>
            <components>
                <component index="1" bit_depth="10"/>
                <component index="2" bit_depth="10"/>
                <component index="3" bit_depth="10"/>
            </components>
        </pixel_format>
        <pixel_format name="yuv422p10be" nb_components="3" log2_chroma_w="1" log2_chroma_h="0" bits_per_pixel="20">
            <flags big_endian="1" palette="0" bitstream="0" hwaccel="0" planar="1" rgb="0" alpha="0"/>
            <components>
                <component index="1" bit_depth="10"/>
                <component index="2" bit_depth="10"/>
                <component index="3" bit_depth="10"/>
            </components>
        </pixel_format>
        <pixel_format name="yuv422p10le" nb_components="3" log2_chroma_w="1" log2_chroma_h="0" bits_per_pixel="20">
            <flags big_endian="0" palette="0" bitstream="0" hwaccel="0" planar="1" rgb="0" alpha="0"/>
            <components>
                <component index="1" bit_depth="10"/>
                <component index="2" bit_depth="10"/>
                <component index="3" bit_depth="10"/>
            </components>
        </pixel_format>
        <pixel_format name="yuv444p9be" nb_components="3" log2_chroma_w="0" log2_chroma_h="0" bits_per_pixel="27">
            <flags big_endian="1" palette="0" bitstream="0" hwaccel="0" planar="1" rgb="0" alpha="0"/>
            <components>
                <component index="1" bit_depth="9"/>
                <component index="2" bit_depth="9"/>
                <component index="3" bit_depth="9"/>
            </components>
        </pixel_format>
        <pixel_format name="yuv444p9le" nb_components="3" log2_chroma_w="0" log2_chroma_h="0" bits_per_pixel="27">
            <flags big_endian="0" palette="0" bitstream="0" hwaccel="0" planar="1" rgb="0" alpha="0"/>
            <components>
                <component index="1" bit_depth="9"/>
                <component index="2" bit_depth="9"/>
                <component index="3" bit_depth="9"/>
            </components>
        </pixel_format>
        <pixel_format name="yuv444p10be" nb_components="3" log2_chroma_w="0" log2_chroma_h="0" bits_per_pixel="30">
            <flags big_endian="1" palette="0" bitstream="0" hwaccel="0" planar="1" rgb="0" alpha="0"/>
            <components>
                <component index="1" bit_depth="10"/>
                <component index="2" bit_depth="10"/>
                <component index="3" bit_depth="10"/>
            </components>
        </pixel_format>
        <pixel_format name="yuv444p10le" nb_components="3" log2_chroma_w="0" log2_chroma_h="0" bits_per_pixel="30">
            <flags big_endian="0" palette="0" bitstream="0" hwaccel="0" planar="1" rgb="0" alpha="0"/>
            <components>
                <component index="1" bit_depth="10"/>
                <component index="2" bit_depth="10"/>
                <component index="3" bit_depth="10"/>
            </components>
        </pixel_format>
        <pixel_format name="yuv422p9be" nb_components="3" log2_chroma_w="1" log2_chroma_h="0" bits_per_pixel="18">
            <flags big_endian="1" palette="0" bitstream="0" hwaccel="0" planar="1" rgb="0" alpha="0"/>
            <components>
                <component index="1" bit_depth="9"/>
                <component index="2" bit_depth="9"/>
                <component index="3" bit_depth="9"/>
            </components>
        </pixel_format>
        <pixel_format name="yuv422p9le" nb_components="3" log2_chroma_w="1" log2_chroma_h="0" bits_per_pixel="18">
            <flags big_endian="0" palette="0" bitstream="0" hwaccel="0" planar="1" rgb="0" alpha="0"/>
            <components>
                <component index="1" bit_depth="9"/>
                <component index="2" bit_depth="9"/>
                <component index="3" bit_depth="9"/>
            </components>
        </pixel_format>
        <pixel_format name="gbrp" nb_components="3" bits_per_pixel="24">
            <flags big_endian="0" palette="0" bitstream="0" hwaccel="0" planar="1" rgb="1" alpha="0"/>
            <components>
                <component index="1" bit_depth="8"/>
                <component index="2" bit_depth="8"/>
                <component index="3" bit_depth="8"/>
            </components>
        </pixel_format>
        <pixel_format name="gbrp9be" nb_components="3" bits_per_pixel="27">
            <flags big_endian="1" palette="0" bitstream="0" hwaccel="0" planar="1" rgb="1" alpha="0"/>
            <components>
                <component index="1" bit_depth="9"/>
                <component index="2" bit_depth="9"/>
                <component index="3" bit_depth="9"/>
            </components>
        </pixel_format>
        <pixel_format name="gbrp9le" nb_components="3" bits_per_pixel="27">
            <flags big_endian="0" palette="0" bitstream="0" hwaccel="0" planar="1" rgb="1" alpha="0"/>
            <components>
                <component index="1" bit_depth="9"/>
                <component index="2" bit_depth="9"/>
                <component index="3" bit_depth="9"/>
            </components>
        </pixel_format>
        <pixel_format name="gbrp10be" nb_components="3" bits_per_pixel="30">
            <flags big_endian="1" palette="0" bitstream="0" hwaccel="0" planar="1" rgb="1" alpha="0"/>
            <components>
                <component index="1" bit_depth="10"/>
                <component index="2" bit_depth="10"/>
                <component index="3" bit_depth="10"/>
            </components>
        </pixel_format>
        <pixel_format name="gbrp10le" nb_components="3" bits_per_pixel="30">
            <flags big_endian="0" palette="0" bitstream="0" hwaccel="0" planar="1" rgb="1" alpha="0"/>
            <components>
                <component index="1" bit_depth="10"/>
                <component index="2" bit_depth="10"/>
                <component index="3" bit_depth="10"/>
            </components>
        </pixel_format>
        <pixel_format name="gbrp16be" nb_components="3" bits_per_pixel="48">
            <flags big_endian="1" palette="0" bitstream="0" hwaccel="0" planar="1" rgb="1" alpha="0"/>
            <components>
                <component index="1" bit_depth="16"/>
                <component index="2" bit_depth="16"/>
                <component index="3" bit_depth="16"/>
            </components>
        </pixel_format>
        <pixel_format name="gbrp16le" nb_components="3" bits_per_pixel="48">
            <flags big_endian="0" palette="0" bitstream="0" hwaccel="0" planar="1" rgb="1" alpha="0"/>
            <components>
                <component index="1" bit_depth="16"/>
                <component index="2" bit_depth="16"/>
                <component index="3" bit_depth="16"/>
            </components>
        </pixel_format>
        <pixel_format name="yuva422p" nb_components="4" log2_chroma_w="1" log2_chroma_h="0" bits_per_pixel="24">
            <flags big_endian="0" palette="0" bitstream="0" hwaccel="0" planar="1" rgb="0" alpha="1"/>
            <components>
                <component index="1" bit_depth="8"/>
                <component index="2" bit_depth="8"/>
                <component index="3" bit_depth="8"/>
                <component index="4" bit_depth="8"/>
            </components>
        </pixel_format>
        <pixel_format name="yuva444p" nb_components="4" log2_chroma_w="0" log2_chroma_h="0" bits_per_pixel="32">
            <flags big_endian="0" palette="0" bitstream="0" hwaccel="0" planar="1" rgb="0" alpha="1"/>
            <components>
                <component index="1" bit_depth="8"/>
                <component index="2" bit_depth="8"/>
                <component index="3" bit_depth="8"/>
                <component index="4" bit_depth="8"/>
            </components>
        </pixel_format>
        <pixel_format name="yuva420p9be" nb_components="4" log2_chroma_w="1" log2_chroma_h="1" bits_per_pixel="22">
            <flags big_endian="1" palette="0" bitstream="0" hwaccel="0" planar="1" rgb="0" alpha="1"/>
            <components>
                <component index="1" bit_depth="9"/>
                <component index="2" bit_depth="9"/>
                <component index="3" bit_depth="9"/>
                <component index="4" bit_depth="9"/>
            </components>
        </pixel_format>
        <pixel_format name="yuva420p9le" nb_components="4" log2_chroma_w="1" log2_chroma_h="1" bits_per_pixel="22">
            <flags big_endian="0" palette="0" bitstream="0" hwaccel="0" planar="1" rgb="0" alpha="1"/>
            <components>
                <component index="1" bit_depth="9"/>
                <component index="2" bit_depth="9"/>
                <component index="3" bit_depth="9"/>
                <component index="4" bit_depth="9"/>
            </components>
        </pixel_format>
        <pixel_format name="yuva422p9be" nb_components="4" log2_chroma_w="1" log2_chroma_h="0" bits_per_pixel="27">
            <flags big_endian="1" palette="0" bitstream="0" hwaccel="0" planar="1" rgb="0" alpha="1"/>
            <components>
                <component index="1" bit_depth="9"/>
                <component index="2" bit_depth="9"/>
                <component index="3" bit_depth="9"/>
                <component index="4" bit_depth="9"/>
            </components>
        </pixel_format>
        <pixel_format name="yuva422p9le" nb_components="4" log2_chroma_w="1" log2_chroma_h="0" bits_per_pixel="27">
            <flags big_endian="0" palette="0" bitstream="0" hwaccel="0" planar="1" rgb="0" alpha="1"/>
            <components>
                <component index="1" bit_depth="9"/>
                <component index="2" bit_depth="9"/>
                <component index="3" bit_depth="9"/>
                <component index="4" bit_depth="9"/>
            </components>
        </pixel_format>
        <pixel_format name="yuva444p9be" nb_components="4" log2_chroma_w="0" log2_chroma_h="0" bits_per_pixel="36">
            <flags big_endian="1" palette="0" bitstream="0" hwaccel="0" planar="1" rgb="0" alpha="1"/>
            <components>
                <component index="1" bit_depth="9"/>
                <component index="2" bit_depth="9"/>
                <component index="3" bit_depth="9"/>
                <component index="4" bit_depth="9"/>
            </components>
        </pixel_format>
        <pixel_format name="yuva444p9le" nb_components="4" log2_chroma_w="0" log2_chroma_h="0" bits_per_pixel="36">
            <flags big_endian="0" palette="0" bitstream="0" hwaccel="0" planar="1" rgb="0" alpha="1"/>
            <components>
                <component index="1" bit_depth="9"/>
                <component index="2" bit_depth="9"/>
                <component index="3" bit_depth="9"/>
                <component index="4" bit_depth="9"/>
            </components>
        </pixel_format>
        <pixel_format name="yuva420p10be" nb_components="4" log2_chroma_w="1" log2_chroma_h="1" bits_per_pixel="25">
            <flags big_endian="1" palette="0" bitstream="0" hwaccel="0" planar="1" rgb="0" alpha="1"/>
            <components>
                <component index="1" bit_depth="10"/>
                <component index="2" bit_depth="10"/>
                <component index="3" bit_depth="10"/>
                <component index="4" bit_depth="10"/>
            </components>
        </pixel_format>
        <pixel_format name="yuva420p10le" nb_components="4" log2_chroma_w="1" log2_chroma_h="1" bits_per_pixel="25">
            <flags big_endian="0" palette="0" bitstream="0" hwaccel="0" planar="1" rgb="0" alpha="1"/>
            <components>
                <component index="1" bit_depth="10"/>
                <component index="2" bit_depth="10"/>
                <component index="3" bit_depth="10"/>
                <component index="4" bit_depth="10"/>
            </components>
        </pixel_format>
        <pixel_format name="yuva422p10be" nb_components="4" log2_chroma_w="1" log2_chroma_h="0" bits_per_pixel="30">
            <flags big_endian="1" palette="0" bitstream="0" hwaccel="0" planar="1" rgb="0" alpha="1"/>
            <components>
                <component index="1" bit_depth="10"/>
                <component index="2" bit_depth="10"/>
                <component index="3" bit_depth="10"/>
                <component index="4" bit_depth="10"/>
            </components>
        </pixel_format>
        <pixel_format name="yuva422p10le" nb_components="4" log2_chroma_w="1" log2_chroma_h="0" bits_per_pixel="30">
            <flags big_endian="0" palette="0" bitstream="0" hwaccel="0" planar="1" rgb="0" alpha="1"/>
            <components>
                <component index="1" bit_depth="10"/>
                <component index="2" bit_depth="10"/>
                <component index="3" bit_depth="10"/>
                <component index="4" bit_depth="10"/>
            </components>
        </pixel_format>
        <pixel_format name="yuva444p10be" nb_components="4" log2_chroma_w="0" log2_chroma_h="0" bits_per_pixel="40">
            <flags big_endian="1" palette="0" bitstream="0" hwaccel="0" planar="1" rgb="0" alpha="1"/>
            <components>
                <component index="1" bit_depth="10"/>
                <component index="2" bit_depth="10"/>
                <component index="3" bit_depth="10"/>
                <component index="4" bit_depth="10"/>
            </components>
        </pixel_format>
        <pixel_format name="yuva444p10le" nb_components="4" log2_chroma_w="0" log2_chroma_h="0" bits_per_pixel="40">
            <flags big_endian="0" palette="0" bitstream="0" hwaccel="0" planar="1" rgb="0" alpha="1"/>
            <components>
                <component index="1" bit_depth="10"/>
                <component index="2" bit_depth="10"/>
                <component index="3" bit_depth="10"/>
                <component index="4" bit_depth="10"/>
            </components>
        </pixel_format>
        <pixel_format name="yuva420p16be" nb_components="4" log2_chroma_w="1" log2_chroma_h="1" bits_per_pixel="40">
            <flags big_endian="1" palette="0" bitstream="0" hwaccel="0" planar="1" rgb="0" alpha="1"/>
            <components>
                <component index="1" bit_depth="16"/>
                <component index="2" bit_depth="16"/>
                <component index="3" bit_depth="16"/>
                <component index="4" bit_depth="16"/>
            </components>
        </pixel_format>
        <pixel_format name="yuva420p16le" nb_components="4" log2_chroma_w="1" log2_chroma_h="1" bits_per_pixel="40">
            <flags big_endian="0" palette="0" bitstream="0" hwaccel="0" planar="1" rgb="0" alpha="1"/>
            <components>
                <component index="1" bit_depth="16"/>
                <component index="2" bit_depth="16"/>
                <component index="3" bit_depth="16"/>
                <component index="4" bit_depth="16"/>
            </components>
        </pixel_format>
        <pixel_format name="yuva422p16be" nb_components="4" log2_chroma_w="1" log2_chroma_h="0" bits_per_pixel="48">
            <flags big_endian="1" palette="0" bitstream="0" hwaccel="0" planar="1" rgb="0" alpha="1"/>
            <components>
                <component index="1" bit_depth="16"/>
                <component index="2" bit_depth="16"/>
                <component index="3" bit_depth="16"/>
                <component index="4" bit_depth="16"/>
            </components>
        </pixel_format>
        <pixel_format name="yuva422p16le" nb_components="4" log2_chroma_w="1" log2_chroma_h="0" bits_per_pixel="48">
            <flags big_endian="0" palette="0" bitstream="0" hwaccel="0" planar="1" rgb="0" alpha="1"/>
            <components>
                <component index="1" bit_depth="16"/>
                <component index="2" bit_depth="16"/>
                <component index="3" bit_depth="16"/>
                <component index="4" bit_depth="16"/>
            </components>
        </pixel_format>
        <pixel_format name="yuva444p16be" nb_components="4" log2_chroma_w="0" log2_chroma_h="0" bits_per_pixel="64">
            <flags big_endian="1" palette="0" bitstream="0" hwaccel="0" planar="1" rgb="0" alpha="1"/>
            <components>
                <component index="1" bit_depth="16"/>
                <component index="2" bit_depth="16"/>
                <component index="3" bit_depth="16"/>
                <component index="4" bit_depth="16"/>
            </components>
        </pixel_format>
        <pixel_format name="yuva444p16le" nb_components="4" log2_chroma_w="0" log2_chroma_h="0" bits_per_pixel="64">
            <flags big_endian="0" palette="0" bitstream="0" hwaccel="0" planar="1" rgb="0" alpha="1"/>
            <components>
                <component index="1" bit_depth="16"/>
                <component index="2" bit_depth="16"/>
                <component index="3" bit_depth="16"/>
                <component index="4" bit_depth="16"/>
            </components>
        </pixel_format>
        <pixel_format name="vdpau" nb_components="0">
            <flags big_endian="0" palette="0" bitstream="0" hwaccel="1" planar="0" rgb="0" alpha="0"/>
        </pixel_format>
        <pixel_format name="xyz12le" nb_components="3" log2_chroma_w="0" log2_chroma_h="0" bits_per_pixel="36">
            <flags big_endian="0" palette="0" bitstream="0" hwaccel="0" planar="0" rgb="0" alpha="0"/>
            <components>
                <component index="1" bit_depth="12"/>
                <component index="2" bit_depth="12"/>
                <component index="3" bit_depth="12"/>
            </components>
        </pixel_format>
        <pixel_format name="xyz12be" nb_components="3" log2_chroma_w="0" log2_chroma_h="0" bits_per_pixel="36">
            <flags big_endian="1" palette="0" bitstream="0" hwaccel="0" planar="0" rgb="0" alpha="0"/>
            <components>
                <component index="1" bit_depth="12"/>
                <component index="2" bit_depth="12"/>
                <component index="3" bit_depth="12"/>
            </components>
        </pixel_format>
        <pixel_format name="nv16" nb_components="3" log2_chroma_w="1" log2_chroma_h="0" bits_per_pixel="16">
            <flags big_endian="0" palette="0" bitstream="0" hwaccel="0" planar="1" rgb="0" alpha="0"/>
            <components>
                <component index="1" bit_depth="8"/>
                <component index="2" bit_depth="8"/>
                <component index="3" bit_depth="8"/>
            </components>
        </pixel_format>
        <pixel_format name="nv20le" nb_components="3" log2_chroma_w="1" log2_chroma_h="0" bits_per_pixel="20">
            <flags big_endian="0" palette="0" bitstream="0" hwaccel="0" planar="1" rgb="0" alpha="0"/>
            <components>
                <component index="1" bit_depth="10"/>
                <component index="2" bit_depth="10"/>
                <component index="3" bit_depth="10"/>
            </components>
        </pixel_format>
        <pixel_format name="nv20be" nb_components="3" log2_chroma_w="1" log2_chroma_h="0" bits_per_pixel="20">
            <flags big_endian="1" palette="0" bitstream="0" hwaccel="0" planar="1" rgb="0" alpha="0"/>
            <components>
                <component index="1" bit_depth="10"/>
                <component index="2" bit_depth="10"/>
                <component index="3" bit_depth="10"/>
            </components>
        </pixel_format>
        <pixel_format name="rgba64be" nb_components="4" bits_per_pixel="64">
            <flags big_endian="1" palette="0" bitstream="0" hwaccel="0" planar="0" rgb="1" alpha="1"/>
            <components>
                <component index="1" bit_depth="16"/>
                <component index="2" bit_depth="16"/>
                <component index="3" bit_depth="16"/>
                <component index="4" bit_depth="16"/>
            </components>
        </pixel_format>
        <pixel_format name="rgba64le" nb_components="4" bits_per_pixel="64">
            <flags big_endian="0" palette="0" bitstream="0" hwaccel="0" planar="0" rgb="1" alpha="1"/>
            <components>
                <component index="1" bit_depth="16"/>
                <component index="2" bit_depth="16"/>
                <component index="3" bit_depth="16"/>
                <component index="4" bit_depth="16"/>
            </components>
        </pixel_format>
        <pixel_format name="bgra64be" nb_components="4" bits_per_pixel="64">
            <flags big_endian="1" palette="0" bitstream="0" hwaccel="0" planar="0" rgb="1" alpha="1"/>
            <components>
                <component index="1" bit_depth="16"/>
                <component index="2" bit_depth="16"/>
                <component index="3" bit_depth="16"/>
                <component index="4" bit_depth="16"/>
            </components>
        </pixel_format>
        <pixel_format name="bgra64le" nb_components="4" bits_per_pixel="64">
            <flags big_endian="0" palette="0" bitstream="0" hwaccel="0" planar="0" rgb="1" alpha="1"/>
            <components>
                <component index="1" bit_depth="16"/>
                <component index="2" bit_depth="16"/>
                <component index="3" bit_depth="16"/>
                <component index="4" bit_depth="16"/>
            </components>
        </pixel_format>
        <pixel_format name="yvyu422" nb_components="3" log2_chroma_w="1" log2_chroma_h="0" bits_per_pixel="16">
            <flags big_endian="0" palette="0" bitstream="0" hwaccel="0" planar="0" rgb="0" alpha="0"/>
            <components>
                <component index="1" bit_depth="8"/>
                <component index="2" bit_depth="8"/>
                <component index="3" bit_depth="8"/>
            </components>
        </pixel_format>
        <pixel_format name="ya16be" nb_components="2" bits_per_pixel="32">
            <flags big_endian="1" palette="0" bitstream="0" hwaccel="0" planar="0" rgb="0" alpha="1"/>
            <components>
                <component index="1" bit_depth="16"/>
                <component index="2" bit_depth="16"/>
            </components>
        </pixel_format>
        <pixel_format name="ya16le" nb_components="2" bits_per_pixel="32">
            <flags big_endian="0" palette="0" bitstream="0" hwaccel="0" planar="0" rgb="0" alpha="1"/>
            <components>
                <component index="1" bit_depth="16"/>
                <component index="2" bit_depth="16"/>
            </components>
        </pixel_format>
        <pixel_format name="gbrap" nb_components="4" bits_per_pixel="32">
            <flags big_endian="0" palette="0" bitstream="0" hwaccel="0" planar="1" rgb="1" alpha="1"/>
            <components>
                <component index="1" bit_depth="8"/>
                <component index="2" bit_depth="8"/>
                <component index="3" bit_depth="8"/>
                <component index="4" bit_depth="8"/>
            </components>
        </pixel_format>
        <pixel_format name="gbrap16be" nb_components="4" bits_per_pixel="64">
            <flags big_endian="1" palette="0" bitstream="0" hwaccel="0" planar="1" rgb="1" alpha="1"/>
            <components>
                <component index="1" bit_depth="16"/>
                <component index="2" bit_depth="16"/>
                <component index="3" bit_depth="16"/>
                <component index="4" bit_depth="16"/>
            </components>
        </pixel_format>
        <pixel_format name="gbrap16le" nb_components="4" bits_per_pixel="64">
            <flags big_endian="0" palette="0" bitstream="0" hwaccel="0" planar="1" rgb="1" alpha="1"/>
            <components>
                <component index="1" bit_depth="16"/>
                <component index="2" bit_depth="16"/>
                <component index="3" bit_depth="16"/>
                <component index="4" bit_depth="16"/>
            </components>
        </pixel_format>
        <pixel_format name="qsv" nb_components="0">
            <flags big_endian="0" palette="0" bitstream="0" hwaccel="1" planar="0" rgb="0" alpha="0"/>
        </pixel_format>
        <pixel_format name="mmal" nb_components="0">
            <flags big_endian="0" palette="0" bitstream="0" hwaccel="1" planar="0" rgb="0" alpha="0"/>
        </pixel_format>
        <pixel_format name="d3d11va_vld" nb_components="0">
            <flags big_endian="0" palette="0" bitstream="0" hwaccel="1" planar="0" rgb="0" alpha="0"/>
        </pixel_format>
        <pixel_format name="cuda" nb_components="0">
            <flags big_endian="0" palette="0" bitstream="0" hwaccel="1" planar="0" rgb="0" alpha="0"/>
        </pixel_format>
        <pixel_format name="0rgb" nb_components="3" bits_per_pixel="24">
            <flags big_endian="0" palette="0" bitstream="0" hwaccel="0" planar="0" rgb="1" alpha="0"/>
            <components>
                <component index="1" bit_depth="8"/>
                <component index="2" bit_depth="8"/>
                <component index="3" bit_depth="8"/>
            </components>
        </pixel_format>
        <pixel_format name="rgb0" nb_components="3" bits_per_pixel="24">
            <flags big_endian="0" palette="0" bitstream="0" hwaccel="0" planar="0" rgb="1" alpha="0"/>
            <components>
                <component index="1" bit_depth="8"/>
                <component index="2" bit_depth="8"/>
                <component index="3" bit_depth="8"/>
            </components>
        </pixel_format>
        <pixel_format name="0bgr" nb_components="3" bits_per_pixel="24">
            <flags big_endian="0" palette="0" bitstream="0" hwaccel="0" planar="0" rgb="1" alpha="0"/>
            <components>
                <component index="1" bit_depth="8"/>
                <component index="2" bit_depth="8"/>
                <component index="3" bit_depth="8"/>
            </components>
        </pixel_format>
        <pixel_format name="bgr0" nb_components="3" bits_per_pixel="24">
            <flags big_endian="0" palette="0" bitstream="0" hwaccel="0" planar="0" rgb="1" alpha="0"/>
            <components>
                <component index="1" bit_depth="8"/>
                <component index="2" bit_depth="8"/>
                <component index="3" bit_depth="8"/>
            </components>
        </pixel_format>
        <pixel_format name="yuv420p12be" nb_components="3" log2_chroma_w="1" log2_chroma_h="1" bits_per_pixel="18">
            <flags big_endian="1" palette="0" bitstream="0" hwaccel="0" planar="1" rgb="0" alpha="0"/>
            <components>
                <component index="1" bit_depth="12"/>
                <component index="2" bit_depth="12"/>
                <component index="3" bit_depth="12"/>
            </components>
        </pixel_format>
        <pixel_format name="yuv420p12le" nb_components="3" log2_chroma_w="1" log2_chroma_h="1" bits_per_pixel="18">
            <flags big_endian="0" palette="0" bitstream="0" hwaccel="0" planar="1" rgb="0" alpha="0"/>
            <components>
                <component index="1" bit_depth="12"/>
                <component index="2" bit_depth="12"/>
                <component index="3" bit_depth="12"/>
            </components>
        </pixel_format>
        <pixel_format name="yuv420p14be" nb_components="3" log2_chroma_w="1" log2_chroma_h="1" bits_per_pixel="21">
            <flags big_endian="1" palette="0" bitstream="0" hwaccel="0" planar="1" rgb="0" alpha="0"/>
            <components>
                <component index="1" bit_depth="14"/>
                <component index="2" bit_depth="14"/>
                <component index="3" bit_depth="14"/>
            </components>
        </pixel_format>
        <pixel_format name="yuv420p14le" nb_components="3" log2_chroma_w="1" log2_chroma_h="1" bits_per_pixel="21">
            <flags big_endian="0" palette="0" bitstream="0" hwaccel="0" planar="1" rgb="0" alpha="0"/>
            <components>
                <component index="1" bit_depth="14"/>
                <component index="2" bit_depth="14"/>
                <component index="3" bit_depth="14"/>
            </components>
        </pixel_format>
        <pixel_format name="yuv422p12be" nb_components="3" log2_chroma_w="1" log2_chroma_h="0" bits_per_pixel="24">
            <flags big_endian="1" palette="0" bitstream="0" hwaccel="0" planar="1" rgb="0" alpha="0"/>
            <components>
                <component index="1" bit_depth="12"/>
                <component index="2" bit_depth="12"/>
                <component index="3" bit_depth="12"/>
            </components>
        </pixel_format>
        <pixel_format name="yuv422p12le" nb_components="3" log2_chroma_w="1" log2_chroma_h="0" bits_per_pixel="24">
            <flags big_endian="0" palette="0" bitstream="0" hwaccel="0" planar="1" rgb="0" alpha="0"/>
            <components>
                <component index="1" bit_depth="12"/>
                <component index="2" bit_depth="12"/>
                <component index="3" bit_depth="12"/>
            </components>
        </pixel_format>
        <pixel_format name="yuv422p14be" nb_components="3" log2_chroma_w="1" log2_chroma_h="0" bits_per_pixel="28">
            <flags big_endian="1" palette="0" bitstream="0" hwaccel="0" planar="1" rgb="0" alpha="0"/>
            <components>
                <component index="1" bit_depth="14"/>
                <component index="2" bit_depth="14"/>
                <component index="3" bit_depth="14"/>
            </components>
        </pixel_format>
        <pixel_format name="yuv422p14le" nb_components="3" log2_chroma_w="1" log2_chroma_h="0" bits_per_pixel="28">
            <flags big_endian="0" palette="0" bitstream="0" hwaccel="0" planar="1" rgb="0" alpha="0"/>
            <components>
                <component index="1" bit_depth="14"/>
                <component index="2" bit_depth="14"/>
                <component index="3" bit_depth="14"/>
            </components>
        </pixel_format>
        <pixel_format name="yuv444p12be" nb_components="3" log2_chroma_w="0" log2_chroma_h="0" bits_per_pixel="36">
            <flags big_endian="1" palette="0" bitstream="0" hwaccel="0" planar="1" rgb="0" alpha="0"/>
            <components>
                <component index="1" bit_depth="12"/>
                <component index="2" bit_depth="12"/>
                <component index="3" bit_depth="12"/>
            </components>
        </pixel_format>
        <pixel_format name="yuv444p12le" nb_components="3" log2_chroma_w="0" log2_chroma_h="0" bits_per_pixel="36">
            <flags big_endian="0" palette="0" bitstream="0" hwaccel="0" planar="1" rgb="0" alpha="0"/>
            <components>
                <component index="1" bit_depth="12"/>
                <component index="2" bit_depth="12"/>
                <component index="3" bit_depth="12"/>
            </components>
        </pixel_format>
        <pixel_format name="yuv444p14be" nb_components="3" log2_chroma_w="0" log2_chroma_h="0" bits_per_pixel="42">
            <flags big_endian="1" palette="0" bitstream="0" hwaccel="0" planar="1" rgb="0" alpha="0"/>
            <components>
                <component index="1" bit_depth="14"/>
                <component index="2" bit_depth="14"/>
                <component index="3" bit_depth="14"/>
            </components>
        </pixel_format>
        <pixel_format name="yuv444p14le" nb_components="3" log2_chroma_w="0" log2_chroma_h="0" bits_per_pixel="42">
            <flags big_endian="0" palette="0" bitstream="0" hwaccel="0" planar="1" rgb="0" alpha="0"/>
            <components>
                <component index="1" bit_depth="14"/>
                <component index="2" bit_depth="14"/>
                <component index="3" bit_depth="14"/>
            </components>
        </pixel_format>
        <pixel_format name="gbrp12be" nb_components="3" bits_per_pixel="36">
            <flags big_endian="1" palette="0" bitstream="0" hwaccel="0" planar="1" rgb="1" alpha="0"/>
            <components>
                <component index="1" bit_depth="12"/>
                <component index="2" bit_depth="12"/>
                <component index="3" bit_depth="12"/>
            </components>
        </pixel_format>
        <pixel_format name="gbrp12le" nb_components="3" bits_per_pixel="36">
            <flags big_endian="0" palette="0" bitstream="0" hwaccel="0" planar="1" rgb="1" alpha="0"/>
            <components>
                <component index="1" bit_depth="12"/>
                <component index="2" bit_depth="12"/>
                <component index="3" bit_depth="12"/>
            </components>
        </pixel_format>
        <pixel_format name="gbrp14be" nb_components="3" bits_per_pixel="42">
            <flags big_endian="1" palette="0" bitstream="0" hwaccel="0" planar="1" rgb="1" alpha="0"/>
            <components>
                <component index="1" bit_depth="14"/>
                <component index="2" bit_depth="14"/>
                <component index="3" bit_depth="14"/>
            </components>
        </pixel_format>
        <pixel_format name="gbrp14le" nb_components="3" bits_per_pixel="42">
            <flags big_endian="0" palette="0" bitstream="0" hwaccel="0" planar="1" rgb="1" alpha="0"/>
            <components>
                <component index="1" bit_depth="14"/>
                <component index="2" bit_depth="14"/>
                <component index="3" bit_depth="14"/>
            </components>
        </pixel_format>
        <pixel_format name="yuvj411p" nb_components="3" log2_chroma_w="2" log2_chroma_h="0" bits_per_pixel="12">
            <flags big_endian="0" palette="0" bitstream="0" hwaccel="0" planar="1" rgb="0" alpha="0"/>
            <components>
                <component index="1" bit_depth="8"/>
                <component index="2" bit_depth="8"/>
                <component index="3" bit_depth="8"/>
            </components>
        </pixel_format>
        <pixel_format name="bayer_bggr8" nb_components="3" bits_per_pixel="8">
            <flags big_endian="0" palette="0" bitstream="0" hwaccel="0" planar="0" rgb="1" alpha="0"/>
            <components>
                <component index="1" bit_depth="2"/>
                <component index="2" bit_depth="4"/>
                <component index="3" bit_depth="2"/>
            </components>
        </pixel_format>
        <pixel_format name="bayer_rggb8" nb_components="3" bits_per_pixel="8">
            <flags big_endian="0" palette="0" bitstream="0" hwaccel="0" planar="0" rgb="1" alpha="0"/>
            <components>
                <component index="1" bit_depth="2"/>
                <component index="2" bit_depth="4"/>
                <component index="3" bit_depth="2"/>
            </components>
        </pixel_format>
        <pixel_format name="bayer_gbrg8" nb_components="3" bits_per_pixel="8">
            <flags big_endian="0" palette="0" bitstream="0" hwaccel="0" planar="0" rgb="1" alpha="0"/>
            <components>
                <component index="1" bit_depth="2"/>
                <component index="2" bit_depth="4"/>
                <component index="3" bit_depth="2"/>
            </components>
        </pixel_format>
        <pixel_format name="bayer_grbg8" nb_components="3" bits_per_pixel="8">
            <flags big_endian="0" palette="0" bitstream="0" hwaccel="0" planar="0" rgb="1" alpha="0"/>
            <components>
                <component index="1" bit_depth="2"/>
                <component index="2" bit_depth="4"/>
                <component index="3" bit_depth="2"/>
            </components>
        </pixel_format>
        <pixel_format name="bayer_bggr16le" nb_components="3" bits_per_pixel="16">
            <flags big_endian="0" palette="0" bitstream="0" hwaccel="0" planar="0" rgb="1" alpha="0"/>
            <components>
                <component index="1" bit_depth="4"/>
                <component index="2" bit_depth="8"/>
                <component index="3" bit_depth="4"/>
            </components>
        </pixel_format>
        <pixel_format name="bayer_bggr16be" nb_components="3" bits_per_pixel="16">
            <flags big_endian="1" palette="0" bitstream="0" hwaccel="0" planar="0" rgb="1" alpha="0"/>
            <components>
                <component index="1" bit_depth="4"/>
                <component index="2" bit_depth="8"/>
                <component index="3" bit_depth="4"/>
            </components>
        </pixel_format>
        <pixel_format name="bayer_rggb16le" nb_components="3" bits_per_pixel="16">
            <flags big_endian="0" palette="0" bitstream="0" hwaccel="0" planar="0" rgb="1" alpha="0"/>
            <components>
                <component index="1" bit_depth="4"/>
                <component index="2" bit_depth="8"/>
                <component index="3" bit_depth="4"/>
            </components>
        </pixel_format>
        <pixel_format name="bayer_rggb16be" nb_components="3" bits_per_pixel="16">
            <flags big_endian="1" palette="0" bitstream="0" hwaccel="0" planar="0" rgb="1" alpha="0"/>
            <components>
                <component index="1" bit_depth="4"/>
                <component index="2" bit_depth="8"/>
                <component index="3" bit_depth="4"/>
            </components>
        </pixel_format>
        <pixel_format name="bayer_gbrg16le" nb_components="3" bits_per_pixel="16">
            <flags big_endian="0" palette="0" bitstream="0" hwaccel="0" planar="0" rgb="1" alpha="0"/>
            <components>
                <component index="1" bit_depth="4"/>
                <component index="2" bit_depth="8"/>
                <component index="3" bit_depth="4"/>
            </components>
        </pixel_format>
        <pixel_format name="bayer_gbrg16be" nb_components="3" bits_per_pixel="16">
            <flags big_endian="1" palette="0" bitstream="0" hwaccel="0" planar="0" rgb="1" alpha="0"/>
            <components>
                <component index="1" bit_depth="4"/>
                <component index="2" bit_depth="8"/>
                <component index="3" bit_depth="4"/>
            </components>
        </pixel_format>
        <pixel_format name="bayer_grbg16le" nb_components="3" bits_per_pixel="16">
            <flags big_endian="0" palette="0" bitstream="0" hwaccel="0" planar="0" rgb="1" alpha="0"/>
            <components>
                <component index="1" bit_depth="4"/>
                <component index="2" bit_depth="8"/>
                <component index="3" bit_depth="4"/>
            </components>
        </pixel_format>
        <pixel_format name="bayer_grbg16be" nb_components="3" bits_per_pixel="16">
            <flags big_endian="1" palette="0" bitstream="0" hwaccel="0" planar="0" rgb="1" alpha="0"/>
            <components>
                <component index="1" bit_depth="4"/>
                <component index="2" bit_depth="8"/>
                <component index="3" bit_depth="4"/>
            </components>
        </pixel_format>
        <pixel_format name="xvmc" nb_components="0">
            <flags big_endian="0" palette="0" bitstream="0" hwaccel="1" planar="0" rgb="0" alpha="0"/>
        </pixel_format>
        <pixel_format name="yuv440p10le" nb_components="3" log2_chroma_w="0" log2_chroma_h="1" bits_per_pixel="20">
            <flags big_endian="0" palette="0" bitstream="0" hwaccel="0" planar="1" rgb="0" alpha="0"/>
            <components>
                <component index="1" bit_depth="10"/>
                <component index="2" bit_depth="10"/>
                <component index="3" bit_depth="10"/>
            </components>
        </pixel_format>
        <pixel_format name="yuv440p10be" nb_components="3" log2_chroma_w="0" log2_chroma_h="1" bits_per_pixel="20">
            <flags big_endian="1" palette="0" bitstream="0" hwaccel="0" planar="1" rgb="0" alpha="0"/>
            <components>
                <component index="1" bit_depth="10"/>
                <component index="2" bit_depth="10"/>
                <component index="3" bit_depth="10"/>
            </components>
        </pixel_format>
        <pixel_format name="yuv440p12le" nb_components="3" log2_chroma_w="0" log2_chroma_h="1" bits_per_pixel="24">
            <flags big_endian="0" palette="0" bitstream="0" hwaccel="0" planar="1" rgb="0" alpha="0"/>
            <components>
                <component index="1" bit_depth="12"/>
                <component index="2" bit_depth="12"/>
                <component index="3" bit_depth="12"/>
            </components>
        </pixel_format>
        <pixel_format name="yuv440p12be" nb_components="3" log2_chroma_w="0" log2_chroma_h="1" bits_per_pixel="24">
            <flags big_endian="1" palette="0" bitstream="0" hwaccel="0" planar="1" rgb="0" alpha="0"/>
            <components>
                <component index="1" bit_depth="12"/>
                <component index="2" bit_depth="12"/>
                <component index="3" bit_depth="12"/>
            </components>
        </pixel_format>
        <pixel_format name="ayuv64le" nb_components="4" log2_chroma_w="0" log2_chroma_h="0" bits_per_pixel="64">
            <flags big_endian="0" palette="0" bitstream="0" hwaccel="0" planar="0" rgb="0" alpha="1"/>
            <components>
                <component index="1" bit_depth="16"/>
                <component index="2" bit_depth="16"/>
                <component index="3" bit_depth="16"/>
                <component index="4" bit_depth="16"/>
            </components>
        </pixel_format>
        <pixel_format name="ayuv64be" nb_components="4" log2_chroma_w="0" log2_chroma_h="0" bits_per_pixel="64">
            <flags big_endian="1" palette="0" bitstream="0" hwaccel="0" planar="0" rgb="0" alpha="1"/>
            <components>
                <component index="1" bit_depth="16"/>
                <component index="2" bit_depth="16"/>
                <component index="3" bit_depth="16"/>
                <component index="4" bit_depth="16"/>
            </components>
        </pixel_format>
        <pixel_format name="videotoolbox_vld" nb_components="0">
            <flags big_endian="0" palette="0" bitstream="0" hwaccel="1" planar="0" rgb="0" alpha="0"/>
        </pixel_format>
        <pixel_format name="p010le" nb_components="3" log2_chroma_w="1" log2_chroma_h="1" bits_per_pixel="15">
            <flags big_endian="0" palette="0" bitstream="0" hwaccel="0" planar="1" rgb="0" alpha="0"/>
            <components>
                <component index="1" bit_depth="10"/>
                <component index="2" bit_depth="10"/>
                <component index="3" bit_depth="10"/>
            </components>
        </pixel_format>
        <pixel_format name="p010be" nb_components="3" log2_chroma_w="1" log2_chroma_h="1" bits_per_pixel="15">
            <flags big_endian="1" palette="0" bitstream="0" hwaccel="0" planar="1" rgb="0" alpha="0"/>
            <components>
                <component index="1" bit_depth="10"/>
                <component index="2" bit_depth="10"/>
                <component index="3" bit_depth="10"/>
            </components>
        </pixel_format>
        <pixel_format name="gbrap12be" nb_components="4" bits_per_pixel="48">
            <flags big_endian="1" palette="0" bitstream="0" hwaccel="0" planar="1" rgb="1" alpha="1"/>
            <components>
                <component index="1" bit_depth="12"/>
                <component index="2" bit_depth="12"/>
                <component index="3" bit_depth="12"/>
                <component index="4" bit_depth="12"/>
            </components>
        </pixel_format>
        <pixel_format name="gbrap12le" nb_components="4" bits_per_pixel="48">
            <flags big_endian="0" palette="0" bitstream="0" hwaccel="0" planar="1" rgb="1" alpha="1"/>
            <components>
                <component index="1" bit_depth="12"/>
                <component index="2" bit_depth="12"/>
                <component index="3" bit_depth="12"/>
                <component index="4" bit_depth="12"/>
            </components>
        </pixel_format>
        <pixel_format name="gbrap10be" nb_components="4" bits_per_pixel="40">
            <flags big_endian="1" palette="0" bitstream="0" hwaccel="0" planar="1" rgb="1" alpha="1"/>
            <components>
                <component index="1" bit_depth="10"/>
                <component index="2" bit_depth="10"/>
                <component index="3" bit_depth="10"/>
                <component index="4" bit_depth="10"/>
            </components>
        </pixel_format>
        <pixel_format name="gbrap10le" nb_components="4" bits_per_pixel="40">
            <flags big_endian="0" palette="0" bitstream="0" hwaccel="0" planar="1" rgb="1" alpha="1"/>
            <components>
                <component index="1" bit_depth="10"/>
                <component index="2" bit_depth="10"/>
                <component index="3" bit_depth="10"/>
                <component index="4" bit_depth="10"/>
            </components>
        </pixel_format>
        <pixel_format name="mediacodec" nb_components="0">
            <flags big_endian="0" palette="0" bitstream="0" hwaccel="1" planar="0" rgb="0" alpha="0"/>
        </pixel_format>
        <pixel_format name="gray12be" nb_components="1" bits_per_pixel="12">
            <flags big_endian="1" palette="0" bitstream="0" hwaccel="0" planar="0" rgb="0" alpha="0"/>
            <components>
                <component index="1" bit_depth="12"/>
            </components>
        </pixel_format>
        <pixel_format name="gray12le" nb_components="1" bits_per_pixel="12">
            <flags big_endian="0" palette="0" bitstream="0" hwaccel="0" planar="0" rgb="0" alpha="0"/>
            <components>
                <component index="1" bit_depth="12"/>
            </components>
        </pixel_format>
        <pixel_format name="gray10be" nb_components="1" bits_per_pixel="10">
            <flags big_endian="1" palette="0" bitstream="0" hwaccel="0" planar="0" rgb="0" alpha="0"/>
            <components>
                <component index="1" bit_depth="10"/>
            </components>
        </pixel_format>
        <pixel_format name="gray10le" nb_components="1" bits_per_pixel="10">
            <flags big_endian="0" palette="0" bitstream="0" hwaccel="0" planar="0" rgb="0" alpha="0"/>
            <components>
                <component index="1" bit_depth="10"/>
            </components>
        </pixel_format>
        <pixel_format name="p016le" nb_components="3" log2_chroma_w="1" log2_chroma_h="1" bits_per_pixel="24">
            <flags big_endian="0" palette="0" bitstream="0" hwaccel="0" planar="1" rgb="0" alpha="0"/>
            <components>
                <component index="1" bit_depth="16"/>
                <component index="2" bit_depth="16"/>
                <component index="3" bit_depth="16"/>
            </components>
        </pixel_format>
        <pixel_format name="p016be" nb_components="3" log2_chroma_w="1" log2_chroma_h="1" bits_per_pixel="24">
            <flags big_endian="1" palette="0" bitstream="0" hwaccel="0" planar="1" rgb="0" alpha="0"/>
            <components>
                <component index="1" bit_depth="16"/>
                <component index="2" bit_depth="16"/>
                <component index="3" bit_depth="16"/>
            </components>
        </pixel_format>
        <pixel_format name="d3d11" nb_components="0">
            <flags big_endian="0" palette="0" bitstream="0" hwaccel="1" planar="0" rgb="0" alpha="0"/>
        </pixel_format>
        <pixel_format name="gray9be" nb_components="1" bits_per_pixel="9">
            <flags big_endian="1" palette="0" bitstream="0" hwaccel="0" planar="0" rgb="0" alpha="0"/>
            <components>
                <component index="1" bit_depth="9"/>
            </components>
        </pixel_format>
        <pixel_format name="gray9le" nb_components="1" bits_per_pixel="9">
            <flags big_endian="0" palette="0" bitstream="0" hwaccel="0" planar="0" rgb="0" alpha="0"/>
            <components>
                <component index="1" bit_depth="9"/>
            </components>
        </pixel_format>
        <pixel_format name="gbrpf32be" nb_components="3" bits_per_pixel="96">
            <flags big_endian="1" palette="0" bitstream="0" hwaccel="0" planar="1" rgb="1" alpha="0"/>
            <components>
                <component index="1" bit_depth="32"/>
                <component index="2" bit_depth="32"/>
                <component index="3" bit_depth="32"/>
            </components>
        </pixel_format>
        <pixel_format name="gbrpf32le" nb_components="3" bits_per_pixel="96">
            <flags big_endian="0" palette="0" bitstream="0" hwaccel="0" planar="1" rgb="1" alpha="0"/>
            <components>
                <component index="1" bit_depth="32"/>
                <component index="2" bit_depth="32"/>
                <component index="3" bit_depth="32"/>
            </components>
        </pixel_format>
        <pixel_format name="gbrapf32be" nb_components="4" bits_per_pixel="128">
            <flags big_endian="1" palette="0" bitstream="0" hwaccel="0" planar="1" rgb="1" alpha="1"/>
            <components>
                <component index="1" bit_depth="32"/>
                <component index="2" bit_depth="32"/>
                <component index="3" bit_depth="32"/>
                <component index="4" bit_depth="32"/>
            </components>
        </pixel_format>
        <pixel_format name="gbrapf32le" nb_components="4" bits_per_pixel="128">
            <flags big_endian="0" palette="0" bitstream="0" hwaccel="0" planar="1" rgb="1" alpha="1"/>
            <components>
                <component index="1" bit_depth="32"/>
                <component index="2" bit_depth="32"/>
                <component index="3" bit_depth="32"/>
                <component index="4" bit_depth="32"/>
            </components>
        </pixel_format>
        <pixel_format name="drm_prime" nb_components="0">
            <flags big_endian="0" palette="0" bitstream="0" hwaccel="1" planar="0" rgb="0" alpha="0"/>
        </pixel_format>
        <pixel_format name="opencl" nb_components="0">
            <flags big_endian="0" palette="0" bitstream="0" hwaccel="1" planar="0" rgb="0" alpha="0"/>
        </pixel_format>
        <pixel_format name="gray14be" nb_components="1" bits_per_pixel="14">
            <flags big_endian="1" palette="0" bitstream="0" hwaccel="0" planar="0" rgb="0" alpha="0"/>
            <components>
                <component index="1" bit_depth="14"/>
            </components>
        </pixel_format>
        <pixel_format name="gray14le" nb_components="1" bits_per_pixel="14">
            <flags big_endian="0" palette="0" bitstream="0" hwaccel="0" planar="0" rgb="0" alpha="0"/>
            <components>
                <component index="1" bit_depth="14"/>
            </components>
        </pixel_format>
        <pixel_format name="grayf32be" nb_components="1" bits_per_pixel="32">
            <flags big_endian="1" palette="0" bitstream="0" hwaccel="0" planar="0" rgb="0" alpha="0"/>
            <components>
                <component index="1" bit_depth="32"/>
            </components>
        </pixel_format>
        <pixel_format name="grayf32le" nb_components="1" bits_per_pixel="32">
            <flags big_endian="0" palette="0" bitstream="0" hwaccel="0" planar="0" rgb="0" alpha="0"/>
            <components>
                <component index="1" bit_depth="32"/>
            </components>
        </pixel_format>
        <pixel_format name="yuva422p12be" nb_components="4" log2_chroma_w="1" log2_chroma_h="0" bits_per_pixel="36">
            <flags big_endian="1" palette="0" bitstream="0" hwaccel="0" planar="1" rgb="0" alpha="1"/>
            <components>
                <component index="1" bit_depth="12"/>
                <component index="2" bit_depth="12"/>
                <component index="3" bit_depth="12"/>
                <component index="4" bit_depth="12"/>
            </components>
        </pixel_format>
        <pixel_format name="yuva422p12le" nb_components="4" log2_chroma_w="1" log2_chroma_h="0" bits_per_pixel="36">
            <flags big_endian="0" palette="0" bitstream="0" hwaccel="0" planar="1" rgb="0" alpha="1"/>
            <components>
                <component index="1" bit_depth="12"/>
                <component index="2" bit_depth="12"/>
                <component index="3" bit_depth="12"/>
                <component index="4" bit_depth="12"/>
            </components>
        </pixel_format>
        <pixel_format name="yuva444p12be" nb_components="4" log2_chroma_w="0" log2_chroma_h="0" bits_per_pixel="48">
            <flags big_endian="1" palette="0" bitstream="0" hwaccel="0" planar="1" rgb="0" alpha="1"/>
            <components>
                <component index="1" bit_depth="12"/>
                <component index="2" bit_depth="12"/>
                <component index="3" bit_depth="12"/>
                <component index="4" bit_depth="12"/>
            </components>
        </pixel_format>
        <pixel_format name="yuva444p12le" nb_components="4" log2_chroma_w="0" log2_chroma_h="0" bits_per_pixel="48">
            <flags big_endian="0" palette="0" bitstream="0" hwaccel="0" planar="1" rgb="0" alpha="1"/>
            <components>
                <component index="1" bit_depth="12"/>
                <component index="2" bit_depth="12"/>
                <component index="3" bit_depth="12"/>
                <component index="4" bit_depth="12"/>
            </components>
        </pixel_format>
        <pixel_format name="nv24" nb_components="3" log2_chroma_w="0" log2_chroma_h="0" bits_per_pixel="24">
            <flags big_endian="0" palette="0" bitstream="0" hwaccel="0" planar="1" rgb="0" alpha="0"/>
            <components>
                <component index="1" bit_depth="8"/>
                <component index="2" bit_depth="8"/>
                <component index="3" bit_depth="8"/>
            </components>
        </pixel_format>
        <pixel_format name="nv42" nb_components="3" log2_chroma_w="0" log2_chroma_h="0" bits_per_pixel="24">
            <flags big_endian="0" palette="0" bitstream="0" hwaccel="0" planar="1" rgb="0" alpha="0"/>
            <components>
                <component index="1" bit_depth="8"/>
                <component index="2" bit_depth="8"/>
                <component index="3" bit_depth="8"/>
            </components>
        </pixel_format>
        <pixel_format name="vulkan" nb_components="0">
            <flags big_endian="0" palette="0" bitstream="0" hwaccel="1" planar="0" rgb="0" alpha="0"/>
        </pixel_format>
        <pixel_format name="y210be" nb_components="3" log2_chroma_w="1" log2_chroma_h="0" bits_per_pixel="20">
            <flags big_endian="1" palette="0" bitstream="0" hwaccel="0" planar="0" rgb="0" alpha="0"/>
            <components>
                <component index="1" bit_depth="10"/>
                <component index="2" bit_depth="10"/>
                <component index="3" bit_depth="10"/>
            </components>
        </pixel_format>
        <pixel_format name="y210le" nb_components="3" log2_chroma_w="1" log2_chroma_h="0" bits_per_pixel="20">
            <flags big_endian="0" palette="0" bitstream="0" hwaccel="0" planar="0" rgb="0" alpha="0"/>
            <components>
                <component index="1" bit_depth="10"/>
                <component index="2" bit_depth="10"/>
                <component index="3" bit_depth="10"/>
            </components>
        </pixel_format>
        <pixel_format name="x2rgb10le" nb_components="3" bits_per_pixel="30">
            <flags big_endian="0" palette="0" bitstream="0" hwaccel="0" planar="0" rgb="1" alpha="0"/>
            <components>
                <component index="1" bit_depth="10"/>
                <component index="2" bit_depth="10"/>
                <component index="3" bit_depth="10"/>
            </components>
        </pixel_format>
        <pixel_format name="x2rgb10be" nb_components="3" bits_per_pixel="30">
            <flags big_endian="1" palette="0" bitstream="0" hwaccel="0" planar="0" rgb="1" alpha="0"/>
            <components>
                <component index="1" bit_depth="10"/>
                <component index="2" bit_depth="10"/>
                <component index="3" bit_depth="10"/>
            </components>
        </pixel_format>
        <pixel_format name="x2bgr10le" nb_components="3" bits_per_pixel="30">
            <flags big_endian="0" palette="0" bitstream="0" hwaccel="0" planar="0" rgb="1" alpha="0"/>
            <components>
                <component index="1" bit_depth="10"/>
                <component index="2" bit_depth="10"/>
                <component index="3" bit_depth="10"/>
            </components>
        </pixel_format>
        <pixel_format name="x2bgr10be" nb_components="3" bits_per_pixel="30">
            <flags big_endian="1" palette="0" bitstream="0" hwaccel="0" planar="0" rgb="1" alpha="0"/>
            <components>
                <component index="1" bit_depth="10"/>
                <component index="2" bit_depth="10"/>
                <component index="3" bit_depth="10"/>
            </components>
        </pixel_format>
        <pixel_format name="p210be" nb_components="3" log2_chroma_w="1" log2_chroma_h="0" bits_per_pixel="20">
            <flags big_endian="1" palette="0" bitstream="0" hwaccel="0" planar="1" rgb="0" alpha="0"/>
            <components>
                <component index="1" bit_depth="10"/>
                <component index="2" bit_depth="10"/>
                <component index="3" bit_depth="10"/>
            </components>
        </pixel_format>
        <pixel_format name="p210le" nb_components="3" log2_chroma_w="1" log2_chroma_h="0" bits_per_pixel="20">
            <flags big_endian="0" palette="0" bitstream="0" hwaccel="0" planar="1" rgb="0" alpha="0"/>
            <components>
                <component index="1" bit_depth="10"/>
                <component index="2" bit_depth="10"/>
                <component index="3" bit_depth="10"/>
            </components>
        </pixel_format>
        <pixel_format name="p410be" nb_components="3" log2_chroma_w="0" log2_chroma_h="0" bits_per_pixel="30">
            <flags big_endian="1" palette="0" bitstream="0" hwaccel="0" planar="1" rgb="0" alpha="0"/>
            <components>
                <component index="1" bit_depth="10"/>
                <component index="2" bit_depth="10"/>
                <component index="3" bit_depth="10"/>
            </components>
        </pixel_format>
        <pixel_format name="p410le" nb_components="3" log2_chroma_w="0" log2_chroma_h="0" bits_per_pixel="30">
            <flags big_endian="0" palette="0" bitstream="0" hwaccel="0" planar="1" rgb="0" alpha="0"/>
            <components>
                <component index="1" bit_depth="10"/>
                <component index="2" bit_depth="10"/>
                <component index="3" bit_depth="10"/>
            </components>
        </pixel_format>
        <pixel_format name="p216be" nb_components="3" log2_chroma_w="1" log2_chroma_h="0" bits_per_pixel="32">
            <flags big_endian="1" palette="0" bitstream="0" hwaccel="0" planar="1" rgb="0" alpha="0"/>
            <components>
                <component index="1" bit_depth="16"/>
                <component index="2" bit_depth="16"/>
                <component index="3" bit_depth="16"/>
            </components>
        </pixel_format>
        <pixel_format name="p216le" nb_components="3" log2_chroma_w="1" log2_chroma_h="0" bits_per_pixel="32">
            <flags big_endian="0" palette="0" bitstream="0" hwaccel="0" planar="1" rgb="0" alpha="0"/>
            <components>
                <component index="1" bit_depth="16"/>
                <component index="2" bit_depth="16"/>
                <component index="3" bit_depth="16"/>
            </components>
        </pixel_format>
        <pixel_format name="p416be" nb_components="3" log2_chroma_w="0" log2_chroma_h="0" bits_per_pixel="48">
            <flags big_endian="1" palette="0" bitstream="0" hwaccel="0" planar="1" rgb="0" alpha="0"/>
            <components>
                <component index="1" bit_depth="16"/>
                <component index="2" bit_depth="16"/>
                <component index="3" bit_depth="16"/>
            </components>
        </pixel_format>
        <pixel_format name="p416le" nb_components="3" log2_chroma_w="0" log2_chroma_h="0" bits_per_pixel="48">
            <flags big_endian="0" palette="0" bitstream="0" hwaccel="0" planar="1" rgb="0" alpha="0"/>
            <components>
                <component index="1" bit_depth="16"/>
                <component index="2" bit_depth="16"/>
                <component index="3" bit_depth="16"/>
            </components>
        </pixel_format>
    </pixel_formats>

    <programs>
    </programs>

    <streams>
        <stream index="0" codec_name="vp8" codec_long_name="On2 VP8" profile="0" codec_type="video" codec_tag_string="[0][0][0][0]" codec_tag="0x0000" width="352" height="288" coded_width="352" coded_height="288" closed_captions="0" film_grain="0" has_b_frames="0" sample_aspect_ratio="1:1" display_aspect_ratio="11:9" pix_fmt="yuv420p" level="-99" color_range="tv" field_order="progressive" refs="1" r_frame_rate="25/1" avg_frame_rate="25/1" time_base="1/1000" start_pts="0" start_time="0.000000">
            <disposition default="0" dub="0" original="0" comment="0" lyrics="0" karaoke="0" forced="0" hearing_impaired="0" visual_impaired="0" clean_effects="0" attached_pic="0" timed_thumbnails="0" captions="0" descriptions="0" metadata="0" dependent="0" still_image="0"/>
            <tag key="AKEY" value="avalue"/>
            <tag key="ENCODER" value="Lavc60.3.100 libvpx"/>
            <tag key="DURATION" value="00:00:05.000000000"/>
        </stream>
        <stream index="1" codec_name="aac" codec_long_name="AAC (Advanced Audio Coding)" profile="LC" codec_type="audio" codec_tag_string="[0][0][0][0]" codec_tag="0x0000" sample_fmt="fltp" sample_rate="48000" channels="2" channel_layout="stereo" bits_per_sample="0" r_frame_rate="0/0" avg_frame_rate="0/0" time_base="1/1000" start_pts="-21" start_time="-0.021000" extradata_size="5">
            <disposition default="0" dub="0" original="0" comment="0" lyrics="0" karaoke="0" forced="0" hearing_impaired="0" visual_impaired="0" clean_effects="0" attached_pic="0" timed_thumbnails="0" captions="0" descriptions="0" metadata="0" dependent="0" still_image="0"/>
            <tag key="ENCODER" value="Lavc60.3.100 aac"/>
            <tag key="DURATION" value="00:00:05.021000000"/>
        </stream>
    </streams>

    <chapters>
        <chapter id="1" time_base="1/1000000000" start="1000000" start_time="0.001000" end="3000000000" end_time="3.000000">
            <tag key="title" value="Chap One"/>
        </chapter>
    </chapters>

    <format filename="../.demo-media-files/test-vp8.mkv" nb_streams="2" nb_programs="0" format_name="matroska,webm" format_long_name="Matroska / WebM" start_time="-0.021000" duration="5.021000" size="240423" bit_rate="383067" probe_score="100">
        <tag key="title" value="Media title"/>
        <tag key="ENCODER" value="Lavf60.3.100"/>
    </format>
</ffprobe>
